numprocs=50
NEURON -- VERSION 7.7.2 7.7 (2b7985ba) 2019-06-20
Duke, Yale, and the BlueBrain Project -- Copyright 1984-2018
See http://neuron.yale.edu/neuron/credits

2021-08-27 13:02:32,934 [INFO] Created log file
2021-08-27 13:02:32,936 [INFO] Running NEURON with mpi (50 cores).
Additional mechanisms from files
 modfiles/bg2pyr.mod modfiles/bginh.mod modfiles/cadyn.mod modfiles/cal2CA3.mod modfiles/cal2.mod modfiles/ca.mod modfiles/capoolCA3.mod modfiles/capool.mod modfiles/cas.mod modfiles/cat.mod modfiles/currentclamp.mod modfiles/function_TMonitor.mod modfiles/gap.mod modfiles/Gfluct_new_exc.mod modfiles/Gfluct_new_inh.mod modfiles/halfgap.mod modfiles/hCA3.mod modfiles/h.mod modfiles/imCA3.mod modfiles/im.mod modfiles/interD2interD_SOMPV_STFD_new.mod modfiles/interD2interD_STFD_new.mod modfiles/interD2pyrD_CR2P_STFD_new.mod modfiles/interD2pyrD_SOM2P_STFD_new.mod modfiles/interD2pyrD_STFD_new.mod modfiles/kadist.mod modfiles/kaprox.mod modfiles/kca.mod modfiles/kdrca1DA.mod modfiles/kdrca1.mod modfiles/kdrCA3.mod modfiles/kdrinter.mod modfiles/leakCA3.mod modfiles/leakDA.mod modfiles/leakinter.mod modfiles/leak.mod modfiles/na3DA.mod modfiles/na3.mod modfiles/nainter.mod modfiles/napCA3.mod modfiles/nap.mod modfiles/natCA3.mod modfiles/nat.mod modfiles/pyrD2interD_P2CR_STFD.mod modfiles/pyrD2interD_P2SOM_STFD.mod modfiles/pyrD2interD_STFD.mod modfiles/pyrD2pyrD_STFD_new.mod modfiles/sahpCA3.mod modfiles/sahp.mod modfiles/sahpNE.mod modfiles/vecevent.mod modfiles/xtra_imemrec.mod modfiles/xtra.mod
2021-08-27 13:02:35,636 [INFO] Building cells.
2021-08-27 13:02:36,383 [INFO] Building recurrent connections
2021-08-27 13:03:00,599 [INFO] Building virtual cell stimulations for thalamus_pyr_spikes
2021-08-27 13:03:22,962 [INFO] Building virtual cell stimulations for thalamus_som_spikes
2021-08-27 13:03:23,525 [INFO] Building virtual cell stimulations for thalamus_cr_spikes
2021-08-27 13:03:24,092 [INFO] Building virtual cell stimulations for shell_spikes
2021-08-27 13:04:02,824 [INFO] Running simulation for 15000.000 ms with the time step 0.050 ms
2021-08-27 13:04:02,825 [INFO] Starting timestep: 0 at t_sim: 0.000 ms
2021-08-27 13:04:02,825 [INFO] Block save every 5000 steps
2021-08-27 13:04:58,024 [INFO]     step:5000 t_sim:250.00 ms
2021-08-27 13:05:53,509 [INFO]     step:10000 t_sim:500.00 ms
2021-08-27 13:06:49,038 [INFO]     step:15000 t_sim:750.00 ms
2021-08-27 13:07:44,818 [INFO]     step:20000 t_sim:1000.00 ms
2021-08-27 13:08:40,466 [INFO]     step:25000 t_sim:1250.00 ms
2021-08-27 13:09:36,834 [INFO]     step:30000 t_sim:1500.00 ms
2021-08-27 13:10:33,191 [INFO]     step:35000 t_sim:1750.00 ms
2021-08-27 13:11:29,256 [INFO]     step:40000 t_sim:2000.00 ms
2021-08-27 13:12:25,384 [INFO]     step:45000 t_sim:2250.00 ms
2021-08-27 13:13:21,766 [INFO]     step:50000 t_sim:2500.00 ms
2021-08-27 13:14:18,296 [INFO]     step:55000 t_sim:2750.00 ms
2021-08-27 13:15:16,070 [INFO]     step:60000 t_sim:3000.00 ms
2021-08-27 13:16:11,621 [INFO]     step:65000 t_sim:3250.00 ms
2021-08-27 13:17:07,016 [INFO]     step:70000 t_sim:3500.00 ms
2021-08-27 13:18:02,921 [INFO]     step:75000 t_sim:3750.00 ms
2021-08-27 13:18:58,390 [INFO]     step:80000 t_sim:4000.00 ms
2021-08-27 13:19:55,021 [INFO]     step:85000 t_sim:4250.00 ms
2021-08-27 13:20:50,500 [INFO]     step:90000 t_sim:4500.00 ms
2021-08-27 13:21:46,214 [INFO]     step:95000 t_sim:4750.00 ms
2021-08-27 13:22:42,844 [INFO]     step:100000 t_sim:5000.00 ms
2021-08-27 13:23:39,955 [INFO]     step:105000 t_sim:5250.00 ms
2021-08-27 13:24:36,426 [INFO]     step:110000 t_sim:5500.00 ms
2021-08-27 13:25:31,645 [INFO]     step:115000 t_sim:5750.00 ms
2021-08-27 13:26:27,395 [INFO]     step:120000 t_sim:6000.00 ms
2021-08-27 13:27:22,929 [INFO]     step:125000 t_sim:6250.00 ms
2021-08-27 13:28:18,124 [INFO]     step:130000 t_sim:6500.00 ms
2021-08-27 13:29:14,317 [INFO]     step:135000 t_sim:6750.00 ms
2021-08-27 13:30:09,969 [INFO]     step:140000 t_sim:7000.00 ms
2021-08-27 13:31:05,801 [INFO]     step:145000 t_sim:7250.00 ms
2021-08-27 13:32:02,186 [INFO]     step:150000 t_sim:7500.00 ms
2021-08-27 13:32:58,141 [INFO]     step:155000 t_sim:7750.00 ms
2021-08-27 13:33:55,234 [INFO]     step:160000 t_sim:8000.00 ms
2021-08-27 13:34:52,436 [INFO]     step:165000 t_sim:8250.00 ms
2021-08-27 13:35:50,123 [INFO]     step:170000 t_sim:8500.00 ms
2021-08-27 13:36:46,442 [INFO]     step:175000 t_sim:8750.00 ms
2021-08-27 13:37:42,054 [INFO]     step:180000 t_sim:9000.00 ms
2021-08-27 13:38:37,678 [INFO]     step:185000 t_sim:9250.00 ms
2021-08-27 13:39:33,213 [INFO]     step:190000 t_sim:9500.00 ms
2021-08-27 13:40:29,000 [INFO]     step:195000 t_sim:9750.00 ms
2021-08-27 13:41:24,883 [INFO]     step:200000 t_sim:10000.00 ms
2021-08-27 13:42:22,257 [INFO]     step:205000 t_sim:10250.00 ms
2021-08-27 13:43:19,685 [INFO]     step:210000 t_sim:10500.00 ms
2021-08-27 13:44:19,096 [INFO]     step:215000 t_sim:10750.00 ms
2021-08-27 13:45:19,080 [INFO]     step:220000 t_sim:11000.00 ms
2021-08-27 13:46:18,465 [INFO]     step:225000 t_sim:11250.00 ms
2021-08-27 13:47:21,696 [INFO]     step:230000 t_sim:11500.00 ms
2021-08-27 13:48:18,545 [INFO]     step:235000 t_sim:11750.00 ms
2021-08-27 13:49:15,614 [INFO]     step:240000 t_sim:12000.00 ms
2021-08-27 13:50:12,237 [INFO]     step:245000 t_sim:12250.00 ms
2021-08-27 13:51:09,008 [INFO]     step:250000 t_sim:12500.00 ms
2021-08-27 13:52:04,796 [INFO]     step:255000 t_sim:12750.00 ms
2021-08-27 13:53:01,380 [INFO]     step:260000 t_sim:13000.00 ms
2021-08-27 13:53:57,412 [INFO]     step:265000 t_sim:13250.00 ms
2021-08-27 13:54:54,266 [INFO]     step:270000 t_sim:13500.00 ms
2021-08-27 13:55:51,435 [INFO]     step:275000 t_sim:13750.00 ms
2021-08-27 13:56:47,279 [INFO]     step:280000 t_sim:14000.00 ms
2021-08-27 13:57:44,469 [INFO]     step:285000 t_sim:14250.00 ms
2021-08-27 13:58:40,238 [INFO]     step:290000 t_sim:14500.00 ms
2021-08-27 13:59:37,065 [INFO]     step:295000 t_sim:14750.00 ms
2021-08-27 14:00:34,765 [INFO]     step:300000 t_sim:15000.00 ms
2021-08-27 14:00:38,222 [INFO] Simulation completed in 56.0 minutes, 35.4 seconds 
Done running model at Fri Aug 27 14:00:48 CDT 2021
