numprocs=50
NEURON -- VERSION 7.7.2 7.7 (2b7985ba) 2019-06-20
Duke, Yale, and the BlueBrain Project -- Copyright 1984-2018
See http://neuron.yale.edu/neuron/credits

2021-08-27 11:47:22,348 [INFO] Created log file
2021-08-27 11:47:22,349 [INFO] Running NEURON with mpi (50 cores).
Additional mechanisms from files
 modfiles/bg2pyr.mod modfiles/bginh.mod modfiles/cadyn.mod modfiles/cal2CA3.mod modfiles/cal2.mod modfiles/ca.mod modfiles/capoolCA3.mod modfiles/capool.mod modfiles/cas.mod modfiles/cat.mod modfiles/currentclamp.mod modfiles/function_TMonitor.mod modfiles/gap.mod modfiles/Gfluct_new_exc.mod modfiles/Gfluct_new_inh.mod modfiles/halfgap.mod modfiles/hCA3.mod modfiles/h.mod modfiles/imCA3.mod modfiles/im.mod modfiles/interD2interD_SOMPV_STFD_new.mod modfiles/interD2interD_STFD_new.mod modfiles/interD2pyrD_CR2P_STFD_new.mod modfiles/interD2pyrD_SOM2P_STFD_new.mod modfiles/interD2pyrD_STFD_new.mod modfiles/kadist.mod modfiles/kaprox.mod modfiles/kca.mod modfiles/kdrca1DA.mod modfiles/kdrca1.mod modfiles/kdrCA3.mod modfiles/kdrinter.mod modfiles/leakCA3.mod modfiles/leakDA.mod modfiles/leakinter.mod modfiles/leak.mod modfiles/na3DA.mod modfiles/na3.mod modfiles/nainter.mod modfiles/napCA3.mod modfiles/nap.mod modfiles/natCA3.mod modfiles/nat.mod modfiles/pyrD2interD_P2CR_STFD.mod modfiles/pyrD2interD_P2SOM_STFD.mod modfiles/pyrD2interD_STFD.mod modfiles/pyrD2pyrD_STFD_new.mod modfiles/sahpCA3.mod modfiles/sahp.mod modfiles/sahpNE.mod modfiles/vecevent.mod modfiles/xtra_imemrec.mod modfiles/xtra.mod
2021-08-27 11:47:25,233 [INFO] Building cells.
2021-08-27 11:47:25,558 [INFO] Building recurrent connections
2021-08-27 11:47:50,636 [INFO] Building virtual cell stimulations for thalamus_pyr_spikes
2021-08-27 11:48:15,604 [INFO] Building virtual cell stimulations for thalamus_som_spikes
2021-08-27 11:48:16,227 [INFO] Building virtual cell stimulations for thalamus_cr_spikes
2021-08-27 11:48:16,877 [INFO] Building virtual cell stimulations for shell_spikes
2021-08-27 11:49:00,507 [INFO] Running simulation for 15000.000 ms with the time step 0.050 ms
2021-08-27 11:49:00,507 [INFO] Starting timestep: 0 at t_sim: 0.000 ms
2021-08-27 11:49:00,507 [INFO] Block save every 5000 steps
2021-08-27 11:50:13,037 [INFO]     step:5000 t_sim:250.00 ms
2021-08-27 11:51:18,443 [INFO]     step:10000 t_sim:500.00 ms
2021-08-27 11:52:35,801 [INFO]     step:15000 t_sim:750.00 ms
2021-08-27 11:53:48,372 [INFO]     step:20000 t_sim:1000.00 ms
2021-08-27 11:54:57,840 [INFO]     step:25000 t_sim:1250.00 ms
2021-08-27 11:56:14,471 [INFO]     step:30000 t_sim:1500.00 ms
2021-08-27 11:57:22,097 [INFO]     step:35000 t_sim:1750.00 ms
2021-08-27 11:58:37,026 [INFO]     step:40000 t_sim:2000.00 ms
2021-08-27 11:59:41,864 [INFO]     step:45000 t_sim:2250.00 ms
2021-08-27 12:00:51,216 [INFO]     step:50000 t_sim:2500.00 ms
2021-08-27 12:02:06,875 [INFO]     step:55000 t_sim:2750.00 ms
2021-08-27 12:03:13,186 [INFO]     step:60000 t_sim:3000.00 ms
2021-08-27 12:04:27,700 [INFO]     step:65000 t_sim:3250.00 ms
2021-08-27 12:05:40,503 [INFO]     step:70000 t_sim:3500.00 ms
2021-08-27 12:06:48,570 [INFO]     step:75000 t_sim:3750.00 ms
2021-08-27 12:08:05,719 [INFO]     step:80000 t_sim:4000.00 ms
2021-08-27 12:09:13,544 [INFO]     step:85000 t_sim:4250.00 ms
2021-08-27 12:10:19,763 [INFO]     step:90000 t_sim:4500.00 ms
2021-08-27 12:11:40,094 [INFO]     step:95000 t_sim:4750.00 ms
2021-08-27 12:12:51,127 [INFO]     step:100000 t_sim:5000.00 ms
2021-08-27 12:13:58,968 [INFO]     step:105000 t_sim:5250.00 ms
2021-08-27 12:15:18,813 [INFO]     step:110000 t_sim:5500.00 ms
2021-08-27 12:16:21,396 [INFO]     step:115000 t_sim:5750.00 ms
2021-08-27 12:17:23,268 [INFO]     step:120000 t_sim:6000.00 ms
2021-08-27 12:18:36,053 [INFO]     step:125000 t_sim:6250.00 ms
2021-08-27 12:19:45,723 [INFO]     step:130000 t_sim:6500.00 ms
2021-08-27 12:20:54,929 [INFO]     step:135000 t_sim:6750.00 ms
2021-08-27 12:22:06,833 [INFO]     step:140000 t_sim:7000.00 ms
2021-08-27 12:23:13,385 [INFO]     step:145000 t_sim:7250.00 ms
2021-08-27 12:24:26,301 [INFO]     step:150000 t_sim:7500.00 ms
2021-08-27 12:25:31,848 [INFO]     step:155000 t_sim:7750.00 ms
2021-08-27 12:26:30,576 [INFO]     step:160000 t_sim:8000.00 ms
2021-08-27 12:27:34,395 [INFO]     step:165000 t_sim:8250.00 ms
2021-08-27 12:28:33,166 [INFO]     step:170000 t_sim:8500.00 ms
2021-08-27 12:29:32,905 [INFO]     step:175000 t_sim:8750.00 ms
2021-08-27 12:30:32,422 [INFO]     step:180000 t_sim:9000.00 ms
2021-08-27 12:31:31,884 [INFO]     step:185000 t_sim:9250.00 ms
2021-08-27 12:32:29,818 [INFO]     step:190000 t_sim:9500.00 ms
2021-08-27 12:33:27,925 [INFO]     step:195000 t_sim:9750.00 ms
2021-08-27 12:34:25,885 [INFO]     step:200000 t_sim:10000.00 ms
2021-08-27 12:35:23,628 [INFO]     step:205000 t_sim:10250.00 ms
2021-08-27 12:36:21,368 [INFO]     step:210000 t_sim:10500.00 ms
2021-08-27 12:37:19,358 [INFO]     step:215000 t_sim:10750.00 ms
2021-08-27 12:38:16,443 [INFO]     step:220000 t_sim:11000.00 ms
2021-08-27 12:39:13,295 [INFO]     step:225000 t_sim:11250.00 ms
2021-08-27 12:40:09,710 [INFO]     step:230000 t_sim:11500.00 ms
2021-08-27 12:41:06,861 [INFO]     step:235000 t_sim:11750.00 ms
2021-08-27 12:42:03,349 [INFO]     step:240000 t_sim:12000.00 ms
2021-08-27 12:43:00,751 [INFO]     step:245000 t_sim:12250.00 ms
2021-08-27 12:43:57,724 [INFO]     step:250000 t_sim:12500.00 ms
2021-08-27 12:44:55,050 [INFO]     step:255000 t_sim:12750.00 ms
2021-08-27 12:45:51,593 [INFO]     step:260000 t_sim:13000.00 ms
2021-08-27 12:46:48,876 [INFO]     step:265000 t_sim:13250.00 ms
2021-08-27 12:47:45,951 [INFO]     step:270000 t_sim:13500.00 ms
2021-08-27 12:48:43,439 [INFO]     step:275000 t_sim:13750.00 ms
2021-08-27 12:49:40,780 [INFO]     step:280000 t_sim:14000.00 ms
2021-08-27 12:50:38,187 [INFO]     step:285000 t_sim:14250.00 ms
2021-08-27 12:51:35,882 [INFO]     step:290000 t_sim:14500.00 ms
2021-08-27 12:52:34,345 [INFO]     step:295000 t_sim:14750.00 ms
2021-08-27 12:53:32,277 [INFO]     step:300000 t_sim:15000.00 ms
2021-08-27 12:53:35,996 [INFO] Simulation completed in 64.0 minutes, 35.49 seconds 
analysis.py:121: UserWarning: Creating legend with loc="best" can be slow with large amounts of data.
  plt.savefig(f_name, bbox_inches='tight')
Done running model at Fri Aug 27 12:53:48 CDT 2021
