numprocs=50
NEURON -- VERSION 7.7.2 7.7 (2b7985ba) 2019-06-20
Duke, Yale, and the BlueBrain Project -- Copyright 1984-2018
See http://neuron.yale.edu/neuron/credits

2021-08-26 08:25:24,752 [INFO] Created log file
2021-08-26 08:25:24,753 [INFO] Running NEURON with mpi (50 cores).
Additional mechanisms from files
 modfiles/bg2pyr.mod modfiles/bginh.mod modfiles/cadyn.mod modfiles/cal2CA3.mod modfiles/cal2.mod modfiles/ca.mod modfiles/capoolCA3.mod modfiles/capool.mod modfiles/cas.mod modfiles/cat.mod modfiles/currentclamp.mod modfiles/function_TMonitor.mod modfiles/gap.mod modfiles/Gfluct_new_exc.mod modfiles/Gfluct_new_inh.mod modfiles/halfgap.mod modfiles/hCA3.mod modfiles/h.mod modfiles/imCA3.mod modfiles/im.mod modfiles/interD2interD_SOMPV_STFD_new.mod modfiles/interD2interD_STFD_new.mod modfiles/interD2pyrD_CR2P_STFD_new.mod modfiles/interD2pyrD_SOM2P_STFD_new.mod modfiles/interD2pyrD_STFD_new.mod modfiles/kadist.mod modfiles/kaprox.mod modfiles/kca.mod modfiles/kdrca1DA.mod modfiles/kdrca1.mod modfiles/kdrCA3.mod modfiles/kdrinter.mod modfiles/leakCA3.mod modfiles/leakDA.mod modfiles/leakinter.mod modfiles/leak.mod modfiles/na3DA.mod modfiles/na3.mod modfiles/nainter.mod modfiles/napCA3.mod modfiles/nap.mod modfiles/natCA3.mod modfiles/nat.mod modfiles/pyrD2interD_P2CR_STFD.mod modfiles/pyrD2interD_P2SOM_STFD.mod modfiles/pyrD2interD_STFD.mod modfiles/pyrD2pyrD_STFD_new.mod modfiles/sahpCA3.mod modfiles/sahp.mod modfiles/sahpNE.mod modfiles/vecevent.mod modfiles/xtra_imemrec.mod modfiles/xtra.mod
2021-08-26 08:25:27,237 [INFO] Building cells.
2021-08-26 08:25:27,962 [INFO] Building recurrent connections
2021-08-26 08:25:49,992 [INFO] Building virtual cell stimulations for thalamus_pyr_spikes
2021-08-26 08:26:10,043 [INFO] Building virtual cell stimulations for thalamus_som_spikes
2021-08-26 08:26:10,546 [INFO] Building virtual cell stimulations for thalamus_cr_spikes
2021-08-26 08:26:11,057 [INFO] Building virtual cell stimulations for shell_spikes
2021-08-26 08:26:46,777 [INFO] Running simulation for 15000.000 ms with the time step 0.050 ms
2021-08-26 08:26:46,778 [INFO] Starting timestep: 0 at t_sim: 0.000 ms
2021-08-26 08:26:46,778 [INFO] Block save every 5000 steps
2021-08-26 08:27:45,123 [INFO]     step:5000 t_sim:250.00 ms
2021-08-26 08:28:42,794 [INFO]     step:10000 t_sim:500.00 ms
2021-08-26 08:29:39,546 [INFO]     step:15000 t_sim:750.00 ms
2021-08-26 08:30:40,923 [INFO]     step:20000 t_sim:1000.00 ms
2021-08-26 08:31:43,851 [INFO]     step:25000 t_sim:1250.00 ms
2021-08-26 08:32:42,452 [INFO]     step:30000 t_sim:1500.00 ms
2021-08-26 08:33:40,565 [INFO]     step:35000 t_sim:1750.00 ms
2021-08-26 08:34:37,961 [INFO]     step:40000 t_sim:2000.00 ms
2021-08-26 08:35:36,914 [INFO]     step:45000 t_sim:2250.00 ms
2021-08-26 08:36:34,133 [INFO]     step:50000 t_sim:2500.00 ms
2021-08-26 08:37:32,359 [INFO]     step:55000 t_sim:2750.00 ms
2021-08-26 08:38:29,344 [INFO]     step:60000 t_sim:3000.00 ms
2021-08-26 08:39:27,056 [INFO]     step:65000 t_sim:3250.00 ms
2021-08-26 08:40:23,957 [INFO]     step:70000 t_sim:3500.00 ms
2021-08-26 08:41:19,603 [INFO]     step:75000 t_sim:3750.00 ms
2021-08-26 08:42:16,128 [INFO]     step:80000 t_sim:4000.00 ms
2021-08-26 08:43:13,104 [INFO]     step:85000 t_sim:4250.00 ms
2021-08-26 08:44:09,954 [INFO]     step:90000 t_sim:4500.00 ms
2021-08-26 08:45:05,811 [INFO]     step:95000 t_sim:4750.00 ms
2021-08-26 08:46:03,539 [INFO]     step:100000 t_sim:5000.00 ms
2021-08-26 08:47:00,240 [INFO]     step:105000 t_sim:5250.00 ms
2021-08-26 08:48:01,820 [INFO]     step:110000 t_sim:5500.00 ms
2021-08-26 08:48:57,693 [INFO]     step:115000 t_sim:5750.00 ms
2021-08-26 08:49:53,222 [INFO]     step:120000 t_sim:6000.00 ms
2021-08-26 08:50:48,441 [INFO]     step:125000 t_sim:6250.00 ms
2021-08-26 08:51:43,717 [INFO]     step:130000 t_sim:6500.00 ms
2021-08-26 08:52:39,514 [INFO]     step:135000 t_sim:6750.00 ms
2021-08-26 08:53:34,301 [INFO]     step:140000 t_sim:7000.00 ms
2021-08-26 08:54:29,367 [INFO]     step:145000 t_sim:7250.00 ms
2021-08-26 08:55:24,859 [INFO]     step:150000 t_sim:7500.00 ms
2021-08-26 08:56:20,495 [INFO]     step:155000 t_sim:7750.00 ms
2021-08-26 08:57:15,676 [INFO]     step:160000 t_sim:8000.00 ms
2021-08-26 08:58:12,639 [INFO]     step:165000 t_sim:8250.00 ms
2021-08-26 08:59:08,974 [INFO]     step:170000 t_sim:8500.00 ms
2021-08-26 09:00:04,554 [INFO]     step:175000 t_sim:8750.00 ms
2021-08-26 09:00:59,618 [INFO]     step:180000 t_sim:9000.00 ms
2021-08-26 09:01:54,649 [INFO]     step:185000 t_sim:9250.00 ms
2021-08-26 09:02:49,714 [INFO]     step:190000 t_sim:9500.00 ms
2021-08-26 09:03:45,191 [INFO]     step:195000 t_sim:9750.00 ms
2021-08-26 09:04:40,930 [INFO]     step:200000 t_sim:10000.00 ms
2021-08-26 09:05:36,454 [INFO]     step:205000 t_sim:10250.00 ms
2021-08-26 09:06:32,398 [INFO]     step:210000 t_sim:10500.00 ms
2021-08-26 09:07:28,094 [INFO]     step:215000 t_sim:10750.00 ms
2021-08-26 09:08:23,513 [INFO]     step:220000 t_sim:11000.00 ms
2021-08-26 09:09:19,171 [INFO]     step:225000 t_sim:11250.00 ms
2021-08-26 09:10:14,794 [INFO]     step:230000 t_sim:11500.00 ms
2021-08-26 09:11:10,017 [INFO]     step:235000 t_sim:11750.00 ms
2021-08-26 09:12:06,160 [INFO]     step:240000 t_sim:12000.00 ms
2021-08-26 09:13:01,865 [INFO]     step:245000 t_sim:12250.00 ms
2021-08-26 09:13:58,066 [INFO]     step:250000 t_sim:12500.00 ms
2021-08-26 09:14:53,540 [INFO]     step:255000 t_sim:12750.00 ms
2021-08-26 09:15:50,098 [INFO]     step:260000 t_sim:13000.00 ms
2021-08-26 09:16:45,887 [INFO]     step:265000 t_sim:13250.00 ms
2021-08-26 09:17:42,183 [INFO]     step:270000 t_sim:13500.00 ms
2021-08-26 09:18:37,880 [INFO]     step:275000 t_sim:13750.00 ms
2021-08-26 09:19:33,374 [INFO]     step:280000 t_sim:14000.00 ms
2021-08-26 09:20:28,873 [INFO]     step:285000 t_sim:14250.00 ms
2021-08-26 09:21:25,155 [INFO]     step:290000 t_sim:14500.00 ms
2021-08-26 09:22:20,738 [INFO]     step:295000 t_sim:14750.00 ms
2021-08-26 09:23:17,338 [INFO]     step:300000 t_sim:15000.00 ms
2021-08-26 09:23:21,002 [INFO] Simulation completed in 56.0 minutes, 34.23 seconds 
Done running model at Thu Aug 26 09:23:32 CDT 2021
