numprocs=50
NEURON -- VERSION 7.7.2 7.7 (2b7985ba) 2019-06-20
Duke, Yale, and the BlueBrain Project -- Copyright 1984-2018
See http://neuron.yale.edu/neuron/credits

2021-08-27 14:47:38,634 [INFO] Created log file
2021-08-27 14:47:38,635 [INFO] Running NEURON with mpi (50 cores).
Additional mechanisms from files
 modfiles/bg2pyr.mod modfiles/bginh.mod modfiles/cadyn.mod modfiles/cal2CA3.mod modfiles/cal2.mod modfiles/ca.mod modfiles/capoolCA3.mod modfiles/capool.mod modfiles/cas.mod modfiles/cat.mod modfiles/currentclamp.mod modfiles/function_TMonitor.mod modfiles/gap.mod modfiles/Gfluct_new_exc.mod modfiles/Gfluct_new_inh.mod modfiles/halfgap.mod modfiles/hCA3.mod modfiles/h.mod modfiles/imCA3.mod modfiles/im.mod modfiles/interD2interD_SOMPV_STFD_new.mod modfiles/interD2interD_STFD_new.mod modfiles/interD2pyrD_CR2P_STFD_new.mod modfiles/interD2pyrD_SOM2P_STFD_new.mod modfiles/interD2pyrD_STFD_new.mod modfiles/kadist.mod modfiles/kaprox.mod modfiles/kca.mod modfiles/kdrca1DA.mod modfiles/kdrca1.mod modfiles/kdrCA3.mod modfiles/kdrinter.mod modfiles/leakCA3.mod modfiles/leakDA.mod modfiles/leakinter.mod modfiles/leak.mod modfiles/na3DA.mod modfiles/na3.mod modfiles/nainter.mod modfiles/napCA3.mod modfiles/nap.mod modfiles/natCA3.mod modfiles/nat.mod modfiles/pyrD2interD_P2CR_STFD.mod modfiles/pyrD2interD_P2SOM_STFD.mod modfiles/pyrD2interD_STFD.mod modfiles/pyrD2pyrD_STFD_new.mod modfiles/sahpCA3.mod modfiles/sahp.mod modfiles/sahpNE.mod modfiles/vecevent.mod modfiles/xtra_imemrec.mod modfiles/xtra.mod
2021-08-27 14:47:41,726 [INFO] Building cells.
2021-08-27 14:47:42,839 [INFO] Building recurrent connections
2021-08-27 14:48:11,920 [INFO] Building virtual cell stimulations for thalamus_pyr_spikes
2021-08-27 14:48:37,427 [INFO] Building virtual cell stimulations for thalamus_som_spikes
2021-08-27 14:48:38,087 [INFO] Building virtual cell stimulations for thalamus_cr_spikes
2021-08-27 14:48:38,746 [INFO] Building virtual cell stimulations for shell_spikes
2021-08-27 14:49:24,198 [INFO] Running simulation for 15000.000 ms with the time step 0.050 ms
2021-08-27 14:49:24,198 [INFO] Starting timestep: 0 at t_sim: 0.000 ms
2021-08-27 14:49:24,199 [INFO] Block save every 5000 steps
2021-08-27 14:50:51,458 [INFO]     step:5000 t_sim:250.00 ms
2021-08-27 14:52:18,375 [INFO]     step:10000 t_sim:500.00 ms
2021-08-27 14:53:46,034 [INFO]     step:15000 t_sim:750.00 ms
2021-08-27 14:55:13,688 [INFO]     step:20000 t_sim:1000.00 ms
2021-08-27 14:56:42,406 [INFO]     step:25000 t_sim:1250.00 ms
2021-08-27 14:58:08,163 [INFO]     step:30000 t_sim:1500.00 ms
2021-08-27 14:59:35,466 [INFO]     step:35000 t_sim:1750.00 ms
2021-08-27 15:01:02,714 [INFO]     step:40000 t_sim:2000.00 ms
2021-08-27 15:02:30,113 [INFO]     step:45000 t_sim:2250.00 ms
2021-08-27 15:03:58,370 [INFO]     step:50000 t_sim:2500.00 ms
2021-08-27 15:05:25,063 [INFO]     step:55000 t_sim:2750.00 ms
2021-08-27 15:06:52,924 [INFO]     step:60000 t_sim:3000.00 ms
2021-08-27 15:08:20,447 [INFO]     step:65000 t_sim:3250.00 ms
2021-08-27 15:09:48,249 [INFO]     step:70000 t_sim:3500.00 ms
2021-08-27 15:11:16,000 [INFO]     step:75000 t_sim:3750.00 ms
2021-08-27 15:12:42,112 [INFO]     step:80000 t_sim:4000.00 ms
2021-08-27 15:14:09,261 [INFO]     step:85000 t_sim:4250.00 ms
2021-08-27 15:15:33,730 [INFO]     step:90000 t_sim:4500.00 ms
2021-08-27 15:17:01,615 [INFO]     step:95000 t_sim:4750.00 ms
2021-08-27 15:18:29,950 [INFO]     step:100000 t_sim:5000.00 ms
2021-08-27 15:19:57,975 [INFO]     step:105000 t_sim:5250.00 ms
2021-08-27 15:21:26,293 [INFO]     step:110000 t_sim:5500.00 ms
2021-08-27 15:22:53,631 [INFO]     step:115000 t_sim:5750.00 ms
2021-08-27 15:24:21,626 [INFO]     step:120000 t_sim:6000.00 ms
2021-08-27 15:25:49,133 [INFO]     step:125000 t_sim:6250.00 ms
2021-08-27 15:27:17,121 [INFO]     step:130000 t_sim:6500.00 ms
2021-08-27 15:28:45,060 [INFO]     step:135000 t_sim:6750.00 ms
2021-08-27 15:30:13,815 [INFO]     step:140000 t_sim:7000.00 ms
2021-08-27 15:31:41,194 [INFO]     step:145000 t_sim:7250.00 ms
2021-08-27 15:33:09,120 [INFO]     step:150000 t_sim:7500.00 ms
2021-08-27 15:34:36,393 [INFO]     step:155000 t_sim:7750.00 ms
2021-08-27 15:36:03,074 [INFO]     step:160000 t_sim:8000.00 ms
2021-08-27 15:37:31,172 [INFO]     step:165000 t_sim:8250.00 ms
2021-08-27 15:38:59,432 [INFO]     step:170000 t_sim:8500.00 ms
2021-08-27 15:40:26,778 [INFO]     step:175000 t_sim:8750.00 ms
2021-08-27 15:41:52,432 [INFO]     step:180000 t_sim:9000.00 ms
2021-08-27 15:43:19,932 [INFO]     step:185000 t_sim:9250.00 ms
2021-08-27 15:44:47,266 [INFO]     step:190000 t_sim:9500.00 ms
2021-08-27 15:46:15,095 [INFO]     step:195000 t_sim:9750.00 ms
2021-08-27 15:47:43,923 [INFO]     step:200000 t_sim:10000.00 ms
2021-08-27 15:49:11,695 [INFO]     step:205000 t_sim:10250.00 ms
2021-08-27 15:50:39,189 [INFO]     step:210000 t_sim:10500.00 ms
2021-08-27 15:52:05,524 [INFO]     step:215000 t_sim:10750.00 ms
2021-08-27 15:53:33,599 [INFO]     step:220000 t_sim:11000.00 ms
2021-08-27 15:55:01,219 [INFO]     step:225000 t_sim:11250.00 ms
2021-08-27 15:56:28,516 [INFO]     step:230000 t_sim:11500.00 ms
2021-08-27 15:57:55,055 [INFO]     step:235000 t_sim:11750.00 ms
2021-08-27 15:59:23,062 [INFO]     step:240000 t_sim:12000.00 ms
2021-08-27 16:00:50,847 [INFO]     step:245000 t_sim:12250.00 ms
2021-08-27 16:02:18,473 [INFO]     step:250000 t_sim:12500.00 ms
2021-08-27 16:03:42,167 [INFO]     step:255000 t_sim:12750.00 ms
2021-08-27 16:05:08,243 [INFO]     step:260000 t_sim:13000.00 ms
2021-08-27 16:06:32,599 [INFO]     step:265000 t_sim:13250.00 ms
2021-08-27 16:07:56,859 [INFO]     step:270000 t_sim:13500.00 ms
2021-08-27 16:09:22,296 [INFO]     step:275000 t_sim:13750.00 ms
2021-08-27 16:10:41,730 [INFO]     step:280000 t_sim:14000.00 ms
2021-08-27 16:12:09,648 [INFO]     step:285000 t_sim:14250.00 ms
2021-08-27 16:13:37,414 [INFO]     step:290000 t_sim:14500.00 ms
2021-08-27 16:15:05,715 [INFO]     step:295000 t_sim:14750.00 ms
2021-08-27 16:16:29,988 [INFO]     step:300000 t_sim:15000.00 ms
2021-08-27 16:16:34,476 [INFO] Simulation completed in 87.0 minutes, 10.28 seconds 
Done running model at Fri Aug 27 16:16:47 CDT 2021
