numprocs=50
NEURON -- VERSION 7.7.2 7.7 (2b7985ba) 2019-06-20
Duke, Yale, and the BlueBrain Project -- Copyright 1984-2018
See http://neuron.yale.edu/neuron/credits

2021-09-08 14:17:51,701 [INFO] Created log file
2021-09-08 14:17:51,702 [INFO] Running NEURON with mpi (50 cores).
Additional mechanisms from files
 modfiles/bg2pyr.mod modfiles/bginh.mod modfiles/cadyn.mod modfiles/cal2CA3.mod modfiles/cal2.mod modfiles/ca.mod modfiles/capoolCA3.mod modfiles/capool.mod modfiles/cas.mod modfiles/cat.mod modfiles/currentclamp.mod modfiles/function_TMonitor.mod modfiles/gap.mod modfiles/Gfluct_new_exc.mod modfiles/Gfluct_new_inh.mod modfiles/halfgap.mod modfiles/hCA3.mod modfiles/h.mod modfiles/imCA3.mod modfiles/im.mod modfiles/interD2interD_SOMPV_STFD_new.mod modfiles/interD2interD_STFD_new.mod modfiles/interD2pyrD_CR2P_STFD_new.mod modfiles/interD2pyrD_SOM2P_STFD_new.mod modfiles/interD2pyrD_STFD_new.mod modfiles/kadist.mod modfiles/kaprox.mod modfiles/kca.mod modfiles/kdrca1DA.mod modfiles/kdrca1.mod modfiles/kdrCA3.mod modfiles/kdrinter.mod modfiles/leakCA3.mod modfiles/leakDA.mod modfiles/leakinter.mod modfiles/leak.mod modfiles/na3DA.mod modfiles/na3.mod modfiles/nainter.mod modfiles/napCA3.mod modfiles/nap.mod modfiles/natCA3.mod modfiles/nat.mod modfiles/pyrD2interD_P2CR_STFD.mod modfiles/pyrD2interD_P2SOM_STFD.mod modfiles/pyrD2interD_STFD.mod modfiles/pyrD2pyrD_STFD_new.mod modfiles/sahpCA3.mod modfiles/sahp.mod modfiles/sahpNE.mod modfiles/vecevent.mod modfiles/xtra_imemrec.mod modfiles/xtra.mod
2021-09-08 14:17:55,479 [INFO] Building cells.
2021-09-08 14:17:56,454 [INFO] Building recurrent connections
2021-09-08 14:18:27,982 [INFO] Building virtual cell stimulations for vpsi_inh_spikes
2021-09-08 14:21:06,028 [INFO] Building virtual cell stimulations for thalamus_pyr_spikes
2021-09-08 14:21:33,497 [INFO] Building virtual cell stimulations for thalamus_som_spikes
2021-09-08 14:21:34,355 [INFO] Building virtual cell stimulations for thalamus_cr_spikes
2021-09-08 14:21:35,283 [INFO] Building virtual cell stimulations for shell_spikes
2021-09-08 14:22:24,912 [INFO] Running simulation for 15000.000 ms with the time step 0.050 ms
2021-09-08 14:22:24,912 [INFO] Starting timestep: 0 at t_sim: 0.000 ms
2021-09-08 14:22:24,912 [INFO] Block save every 5000 steps
2021-09-08 14:23:54,325 [INFO]     step:5000 t_sim:250.00 ms
2021-09-08 14:25:31,117 [INFO]     step:10000 t_sim:500.00 ms
2021-09-08 14:27:08,577 [INFO]     step:15000 t_sim:750.00 ms
2021-09-08 14:28:46,156 [INFO]     step:20000 t_sim:1000.00 ms
2021-09-08 14:30:23,748 [INFO]     step:25000 t_sim:1250.00 ms
2021-09-08 14:32:01,434 [INFO]     step:30000 t_sim:1500.00 ms
2021-09-08 14:33:40,250 [INFO]     step:35000 t_sim:1750.00 ms
2021-09-08 14:35:17,170 [INFO]     step:40000 t_sim:2000.00 ms
2021-09-08 14:36:54,287 [INFO]     step:45000 t_sim:2250.00 ms
2021-09-08 14:38:32,389 [INFO]     step:50000 t_sim:2500.00 ms
2021-09-08 14:40:09,958 [INFO]     step:55000 t_sim:2750.00 ms
2021-09-08 14:41:44,908 [INFO]     step:60000 t_sim:3000.00 ms
2021-09-08 14:42:50,852 [INFO]     step:65000 t_sim:3250.00 ms
2021-09-08 14:43:46,501 [INFO]     step:70000 t_sim:3500.00 ms
2021-09-08 14:44:40,274 [INFO]     step:75000 t_sim:3750.00 ms
2021-09-08 14:45:34,444 [INFO]     step:80000 t_sim:4000.00 ms
2021-09-08 14:46:30,594 [INFO]     step:85000 t_sim:4250.00 ms
2021-09-08 14:47:26,712 [INFO]     step:90000 t_sim:4500.00 ms
2021-09-08 14:48:21,160 [INFO]     step:95000 t_sim:4750.00 ms
2021-09-08 14:49:16,006 [INFO]     step:100000 t_sim:5000.00 ms
2021-09-08 14:50:19,831 [INFO]     step:105000 t_sim:5250.00 ms
2021-09-08 14:51:20,761 [INFO]     step:110000 t_sim:5500.00 ms
2021-09-08 14:52:17,968 [INFO]     step:115000 t_sim:5750.00 ms
2021-09-08 14:53:15,612 [INFO]     step:120000 t_sim:6000.00 ms
2021-09-08 14:54:13,606 [INFO]     step:125000 t_sim:6250.00 ms
2021-09-08 14:55:12,279 [INFO]     step:130000 t_sim:6500.00 ms
2021-09-08 14:56:17,264 [INFO]     step:135000 t_sim:6750.00 ms
2021-09-08 14:57:58,800 [INFO]     step:140000 t_sim:7000.00 ms
2021-09-08 14:59:42,265 [INFO]     step:145000 t_sim:7250.00 ms
2021-09-08 15:01:21,077 [INFO]     step:150000 t_sim:7500.00 ms
2021-09-08 15:02:56,807 [INFO]     step:155000 t_sim:7750.00 ms
2021-09-08 15:04:33,529 [INFO]     step:160000 t_sim:8000.00 ms
2021-09-08 15:06:09,570 [INFO]     step:165000 t_sim:8250.00 ms
2021-09-08 15:07:58,412 [INFO]     step:170000 t_sim:8500.00 ms
2021-09-08 15:09:46,884 [INFO]     step:175000 t_sim:8750.00 ms
2021-09-08 15:11:34,956 [INFO]     step:180000 t_sim:9000.00 ms
2021-09-08 15:13:23,870 [INFO]     step:185000 t_sim:9250.00 ms
2021-09-08 15:15:11,370 [INFO]     step:190000 t_sim:9500.00 ms
2021-09-08 15:16:57,721 [INFO]     step:195000 t_sim:9750.00 ms
2021-09-08 15:18:43,738 [INFO]     step:200000 t_sim:10000.00 ms
2021-09-08 15:20:28,047 [INFO]     step:205000 t_sim:10250.00 ms
2021-09-08 15:22:15,135 [INFO]     step:210000 t_sim:10500.00 ms
2021-09-08 15:24:00,967 [INFO]     step:215000 t_sim:10750.00 ms
2021-09-08 15:25:31,040 [INFO]     step:220000 t_sim:11000.00 ms
2021-09-08 15:26:32,391 [INFO]     step:225000 t_sim:11250.00 ms
2021-09-08 15:27:34,408 [INFO]     step:230000 t_sim:11500.00 ms
2021-09-08 15:28:35,515 [INFO]     step:235000 t_sim:11750.00 ms
2021-09-08 15:30:10,602 [INFO]     step:240000 t_sim:12000.00 ms
2021-09-08 15:31:59,909 [INFO]     step:245000 t_sim:12250.00 ms
2021-09-08 15:33:39,712 [INFO]     step:250000 t_sim:12500.00 ms
2021-09-08 15:35:14,648 [INFO]     step:255000 t_sim:12750.00 ms
2021-09-08 15:36:48,933 [INFO]     step:260000 t_sim:13000.00 ms
2021-09-08 15:38:27,211 [INFO]     step:265000 t_sim:13250.00 ms
2021-09-08 15:40:12,324 [INFO]     step:270000 t_sim:13500.00 ms
2021-09-08 15:41:56,651 [INFO]     step:275000 t_sim:13750.00 ms
2021-09-08 15:43:40,939 [INFO]     step:280000 t_sim:14000.00 ms
2021-09-08 15:45:28,258 [INFO]     step:285000 t_sim:14250.00 ms
2021-09-08 15:47:13,294 [INFO]     step:290000 t_sim:14500.00 ms
2021-09-08 15:48:58,619 [INFO]     step:295000 t_sim:14750.00 ms
2021-09-08 15:50:43,462 [INFO]     step:300000 t_sim:15000.00 ms
2021-09-08 15:50:48,439 [INFO] Simulation completed in 88.0 minutes, 23.53 seconds 
analysis.py:121: UserWarning: Creating legend with loc="best" can be slow with large amounts of data.
  plt.savefig(f_name, bbox_inches='tight')
