numprocs=50
NEURON -- VERSION 7.7.2 7.7 (2b7985ba) 2019-06-20
Duke, Yale, and the BlueBrain Project -- Copyright 1984-2018
See http://neuron.yale.edu/neuron/credits

2021-09-10 21:43:15,884 [INFO] Created log file
2021-09-10 21:43:15,885 [INFO] Running NEURON with mpi (50 cores).
Additional mechanisms from files
 modfiles/bg2pyr.mod modfiles/bginh.mod modfiles/cadyn.mod modfiles/cal2CA3.mod modfiles/cal2.mod modfiles/ca.mod modfiles/capoolCA3.mod modfiles/capool.mod modfiles/cas.mod modfiles/cat.mod modfiles/currentclamp.mod modfiles/function_TMonitor.mod modfiles/gap.mod modfiles/Gfluct_new_exc.mod modfiles/Gfluct_new_inh.mod modfiles/halfgap.mod modfiles/hCA3.mod modfiles/h.mod modfiles/imCA3.mod modfiles/im.mod modfiles/interD2interD_SOMPV_STFD_new.mod modfiles/interD2interD_STFD_new.mod modfiles/interD2pyrD_CR2P_STFD_new.mod modfiles/interD2pyrD_SOM2P_STFD_new.mod modfiles/interD2pyrD_STFD_new.mod modfiles/kadist.mod modfiles/kaprox.mod modfiles/kca.mod modfiles/kdrca1DA.mod modfiles/kdrca1.mod modfiles/kdrCA3.mod modfiles/kdrinter.mod modfiles/leakCA3.mod modfiles/leakDA.mod modfiles/leakinter.mod modfiles/leak.mod modfiles/na3DA.mod modfiles/na3.mod modfiles/nainter.mod modfiles/napCA3.mod modfiles/nap.mod modfiles/natCA3.mod modfiles/nat.mod modfiles/pyrD2interD_P2CR_STFD.mod modfiles/pyrD2interD_P2SOM_STFD.mod modfiles/pyrD2interD_STFD.mod modfiles/pyrD2pyrD_STFD_new.mod modfiles/sahpCA3.mod modfiles/sahp.mod modfiles/sahpNE.mod modfiles/vecevent.mod modfiles/xtra_imemrec.mod modfiles/xtra.mod
2021-09-10 21:43:18,664 [INFO] Building cells.
2021-09-10 21:43:19,304 [INFO] Building recurrent connections
2021-09-10 21:43:42,042 [INFO] Building virtual cell stimulations for vpsi_inh_spikes
2021-09-10 21:45:53,105 [INFO] Building virtual cell stimulations for thalamus_pyr_spikes
2021-09-10 21:46:13,475 [INFO] Building virtual cell stimulations for thalamus_som_spikes
2021-09-10 21:46:14,013 [INFO] Building virtual cell stimulations for thalamus_cr_spikes
2021-09-10 21:46:14,606 [INFO] Building virtual cell stimulations for shell_spikes
2021-09-10 21:46:51,834 [INFO] Running simulation for 15000.000 ms with the time step 0.050 ms
2021-09-10 21:46:51,834 [INFO] Starting timestep: 0 at t_sim: 0.000 ms
2021-09-10 21:46:51,834 [INFO] Block save every 5000 steps
2021-09-10 21:47:52,904 [INFO]     step:5000 t_sim:250.00 ms
2021-09-10 21:48:50,874 [INFO]     step:10000 t_sim:500.00 ms
2021-09-10 21:49:52,380 [INFO]     step:15000 t_sim:750.00 ms
2021-09-10 21:50:52,729 [INFO]     step:20000 t_sim:1000.00 ms
2021-09-10 21:51:51,733 [INFO]     step:25000 t_sim:1250.00 ms
2021-09-10 21:52:49,447 [INFO]     step:30000 t_sim:1500.00 ms
2021-09-10 21:53:47,666 [INFO]     step:35000 t_sim:1750.00 ms
2021-09-10 21:54:45,451 [INFO]     step:40000 t_sim:2000.00 ms
2021-09-10 21:55:44,159 [INFO]     step:45000 t_sim:2250.00 ms
2021-09-10 21:56:42,695 [INFO]     step:50000 t_sim:2500.00 ms
2021-09-10 21:57:41,095 [INFO]     step:55000 t_sim:2750.00 ms
2021-09-10 21:58:40,285 [INFO]     step:60000 t_sim:3000.00 ms
2021-09-10 21:59:38,557 [INFO]     step:65000 t_sim:3250.00 ms
2021-09-10 22:00:38,576 [INFO]     step:70000 t_sim:3500.00 ms
2021-09-10 22:01:37,965 [INFO]     step:75000 t_sim:3750.00 ms
2021-09-10 22:02:37,360 [INFO]     step:80000 t_sim:4000.00 ms
2021-09-10 22:03:39,613 [INFO]     step:85000 t_sim:4250.00 ms
2021-09-10 22:04:40,967 [INFO]     step:90000 t_sim:4500.00 ms
2021-09-10 22:05:38,955 [INFO]     step:95000 t_sim:4750.00 ms
2021-09-10 22:06:37,862 [INFO]     step:100000 t_sim:5000.00 ms
2021-09-10 22:07:37,296 [INFO]     step:105000 t_sim:5250.00 ms
2021-09-10 22:08:34,640 [INFO]     step:110000 t_sim:5500.00 ms
2021-09-10 22:09:32,482 [INFO]     step:115000 t_sim:5750.00 ms
2021-09-10 22:10:30,734 [INFO]     step:120000 t_sim:6000.00 ms
2021-09-10 22:11:27,910 [INFO]     step:125000 t_sim:6250.00 ms
2021-09-10 22:12:25,648 [INFO]     step:130000 t_sim:6500.00 ms
2021-09-10 22:13:22,698 [INFO]     step:135000 t_sim:6750.00 ms
2021-09-10 22:14:19,640 [INFO]     step:140000 t_sim:7000.00 ms
2021-09-10 22:15:17,235 [INFO]     step:145000 t_sim:7250.00 ms
2021-09-10 22:16:16,184 [INFO]     step:150000 t_sim:7500.00 ms
2021-09-10 22:17:13,331 [INFO]     step:155000 t_sim:7750.00 ms
2021-09-10 22:18:10,425 [INFO]     step:160000 t_sim:8000.00 ms
2021-09-10 22:19:08,697 [INFO]     step:165000 t_sim:8250.00 ms
2021-09-10 22:20:05,310 [INFO]     step:170000 t_sim:8500.00 ms
2021-09-10 22:21:03,823 [INFO]     step:175000 t_sim:8750.00 ms
2021-09-10 22:22:00,910 [INFO]     step:180000 t_sim:9000.00 ms
2021-09-10 22:22:57,088 [INFO]     step:185000 t_sim:9250.00 ms
2021-09-10 22:23:53,155 [INFO]     step:190000 t_sim:9500.00 ms
2021-09-10 22:24:49,837 [INFO]     step:195000 t_sim:9750.00 ms
2021-09-10 22:25:45,755 [INFO]     step:200000 t_sim:10000.00 ms
2021-09-10 22:26:42,014 [INFO]     step:205000 t_sim:10250.00 ms
2021-09-10 22:27:38,225 [INFO]     step:210000 t_sim:10500.00 ms
2021-09-10 22:28:34,248 [INFO]     step:215000 t_sim:10750.00 ms
2021-09-10 22:29:30,792 [INFO]     step:220000 t_sim:11000.00 ms
2021-09-10 22:30:28,241 [INFO]     step:225000 t_sim:11250.00 ms
2021-09-10 22:31:24,119 [INFO]     step:230000 t_sim:11500.00 ms
2021-09-10 22:32:22,351 [INFO]     step:235000 t_sim:11750.00 ms
2021-09-10 22:33:18,817 [INFO]     step:240000 t_sim:12000.00 ms
2021-09-10 22:34:15,735 [INFO]     step:245000 t_sim:12250.00 ms
2021-09-10 22:35:12,065 [INFO]     step:250000 t_sim:12500.00 ms
2021-09-10 22:36:11,375 [INFO]     step:255000 t_sim:12750.00 ms
2021-09-10 22:37:11,579 [INFO]     step:260000 t_sim:13000.00 ms
2021-09-10 22:38:09,907 [INFO]     step:265000 t_sim:13250.00 ms
2021-09-10 22:39:08,030 [INFO]     step:270000 t_sim:13500.00 ms
2021-09-10 22:40:06,591 [INFO]     step:275000 t_sim:13750.00 ms
2021-09-10 22:41:05,882 [INFO]     step:280000 t_sim:14000.00 ms
2021-09-10 22:42:05,575 [INFO]     step:285000 t_sim:14250.00 ms
2021-09-10 22:43:03,807 [INFO]     step:290000 t_sim:14500.00 ms
2021-09-10 22:44:02,252 [INFO]     step:295000 t_sim:14750.00 ms
2021-09-10 22:45:01,631 [INFO]     step:300000 t_sim:15000.00 ms
2021-09-10 22:45:05,192 [INFO] Simulation completed in 58.0 minutes, 13.36 seconds 
