numprocs=50
NEURON -- VERSION 7.7.2 7.7 (2b7985ba) 2019-06-20
Duke, Yale, and the BlueBrain Project -- Copyright 1984-2018
See http://neuron.yale.edu/neuron/credits

2021-08-26 17:35:39,314 [INFO] Created log file
2021-08-26 17:35:39,315 [INFO] Running NEURON with mpi (50 cores).
Additional mechanisms from files
 modfiles/bg2pyr.mod modfiles/bginh.mod modfiles/cadyn.mod modfiles/cal2CA3.mod modfiles/cal2.mod modfiles/ca.mod modfiles/capoolCA3.mod modfiles/capool.mod modfiles/cas.mod modfiles/cat.mod modfiles/currentclamp.mod modfiles/function_TMonitor.mod modfiles/gap.mod modfiles/Gfluct_new_exc.mod modfiles/Gfluct_new_inh.mod modfiles/halfgap.mod modfiles/hCA3.mod modfiles/h.mod modfiles/imCA3.mod modfiles/im.mod modfiles/interD2interD_SOMPV_STFD_new.mod modfiles/interD2interD_STFD_new.mod modfiles/interD2pyrD_CR2P_STFD_new.mod modfiles/interD2pyrD_SOM2P_STFD_new.mod modfiles/interD2pyrD_STFD_new.mod modfiles/kadist.mod modfiles/kaprox.mod modfiles/kca.mod modfiles/kdrca1DA.mod modfiles/kdrca1.mod modfiles/kdrCA3.mod modfiles/kdrinter.mod modfiles/leakCA3.mod modfiles/leakDA.mod modfiles/leakinter.mod modfiles/leak.mod modfiles/na3DA.mod modfiles/na3.mod modfiles/nainter.mod modfiles/napCA3.mod modfiles/nap.mod modfiles/natCA3.mod modfiles/nat.mod modfiles/pyrD2interD_P2CR_STFD.mod modfiles/pyrD2interD_P2SOM_STFD.mod modfiles/pyrD2interD_STFD.mod modfiles/pyrD2pyrD_STFD_new.mod modfiles/sahpCA3.mod modfiles/sahp.mod modfiles/sahpNE.mod modfiles/vecevent.mod modfiles/xtra_imemrec.mod modfiles/xtra.mod
2021-08-26 17:35:42,540 [INFO] Building cells.
2021-08-26 17:35:43,067 [INFO] Building recurrent connections
2021-08-26 17:36:08,922 [INFO] Building virtual cell stimulations for thalamus_pyr_spikes
2021-08-26 17:36:33,534 [INFO] Building virtual cell stimulations for thalamus_som_spikes
2021-08-26 17:36:34,149 [INFO] Building virtual cell stimulations for thalamus_cr_spikes
2021-08-26 17:36:34,789 [INFO] Building virtual cell stimulations for shell_spikes
2021-08-26 17:37:17,508 [INFO] Running simulation for 15000.000 ms with the time step 0.050 ms
2021-08-26 17:37:17,509 [INFO] Starting timestep: 0 at t_sim: 0.000 ms
2021-08-26 17:37:17,509 [INFO] Block save every 5000 steps
2021-08-26 17:38:33,795 [INFO]     step:5000 t_sim:250.00 ms
2021-08-26 17:39:51,917 [INFO]     step:10000 t_sim:500.00 ms
2021-08-26 17:41:01,181 [INFO]     step:15000 t_sim:750.00 ms
2021-08-26 17:42:11,936 [INFO]     step:20000 t_sim:1000.00 ms
2021-08-26 17:43:42,859 [INFO]     step:25000 t_sim:1250.00 ms
2021-08-26 17:45:34,619 [INFO]     step:30000 t_sim:1500.00 ms
2021-08-26 17:47:12,152 [INFO]     step:35000 t_sim:1750.00 ms
2021-08-26 17:48:48,995 [INFO]     step:40000 t_sim:2000.00 ms
2021-08-26 17:50:33,239 [INFO]     step:45000 t_sim:2250.00 ms
2021-08-26 17:52:20,117 [INFO]     step:50000 t_sim:2500.00 ms
2021-08-26 17:54:14,596 [INFO]     step:55000 t_sim:2750.00 ms
2021-08-26 17:56:03,729 [INFO]     step:60000 t_sim:3000.00 ms
2021-08-26 17:57:56,185 [INFO]     step:65000 t_sim:3250.00 ms
2021-08-26 17:59:49,031 [INFO]     step:70000 t_sim:3500.00 ms
2021-08-26 18:01:39,943 [INFO]     step:75000 t_sim:3750.00 ms
2021-08-26 18:03:26,883 [INFO]     step:80000 t_sim:4000.00 ms
2021-08-26 18:05:14,483 [INFO]     step:85000 t_sim:4250.00 ms
2021-08-26 18:07:03,586 [INFO]     step:90000 t_sim:4500.00 ms
2021-08-26 18:08:52,772 [INFO]     step:95000 t_sim:4750.00 ms
2021-08-26 18:10:41,874 [INFO]     step:100000 t_sim:5000.00 ms
2021-08-26 18:12:30,904 [INFO]     step:105000 t_sim:5250.00 ms
2021-08-26 18:13:47,356 [INFO]     step:110000 t_sim:5500.00 ms
2021-08-26 18:15:01,048 [INFO]     step:115000 t_sim:5750.00 ms
2021-08-26 18:16:15,647 [INFO]     step:120000 t_sim:6000.00 ms
2021-08-26 18:17:33,487 [INFO]     step:125000 t_sim:6250.00 ms
2021-08-26 18:18:46,963 [INFO]     step:130000 t_sim:6500.00 ms
2021-08-26 18:20:06,014 [INFO]     step:135000 t_sim:6750.00 ms
2021-08-26 18:21:23,516 [INFO]     step:140000 t_sim:7000.00 ms
2021-08-26 18:22:36,077 [INFO]     step:145000 t_sim:7250.00 ms
2021-08-26 18:23:48,665 [INFO]     step:150000 t_sim:7500.00 ms
2021-08-26 18:25:07,591 [INFO]     step:155000 t_sim:7750.00 ms
2021-08-26 18:26:21,881 [INFO]     step:160000 t_sim:8000.00 ms
2021-08-26 18:27:38,844 [INFO]     step:165000 t_sim:8250.00 ms
2021-08-26 18:28:57,136 [INFO]     step:170000 t_sim:8500.00 ms
2021-08-26 18:30:19,736 [INFO]     step:175000 t_sim:8750.00 ms
2021-08-26 18:31:42,532 [INFO]     step:180000 t_sim:9000.00 ms
2021-08-26 18:33:04,342 [INFO]     step:185000 t_sim:9250.00 ms
2021-08-26 18:34:27,863 [INFO]     step:190000 t_sim:9500.00 ms
2021-08-26 18:36:13,661 [INFO]     step:195000 t_sim:9750.00 ms
2021-08-26 18:38:05,084 [INFO]     step:200000 t_sim:10000.00 ms
2021-08-26 18:39:58,891 [INFO]     step:205000 t_sim:10250.00 ms
2021-08-26 18:41:49,496 [INFO]     step:210000 t_sim:10500.00 ms
2021-08-26 18:43:36,411 [INFO]     step:215000 t_sim:10750.00 ms
2021-08-26 18:45:28,620 [INFO]     step:220000 t_sim:11000.00 ms
2021-08-26 18:47:21,662 [INFO]     step:225000 t_sim:11250.00 ms
2021-08-26 18:49:15,474 [INFO]     step:230000 t_sim:11500.00 ms
2021-08-26 18:51:09,664 [INFO]     step:235000 t_sim:11750.00 ms
2021-08-26 18:53:05,959 [INFO]     step:240000 t_sim:12000.00 ms
2021-08-26 18:54:58,805 [INFO]     step:245000 t_sim:12250.00 ms
2021-08-26 18:56:50,519 [INFO]     step:250000 t_sim:12500.00 ms
2021-08-26 18:58:40,622 [INFO]     step:255000 t_sim:12750.00 ms
2021-08-26 19:00:31,713 [INFO]     step:260000 t_sim:13000.00 ms
2021-08-26 19:02:24,069 [INFO]     step:265000 t_sim:13250.00 ms
2021-08-26 19:04:17,261 [INFO]     step:270000 t_sim:13500.00 ms
2021-08-26 19:06:11,521 [INFO]     step:275000 t_sim:13750.00 ms
2021-08-26 19:07:36,393 [INFO]     step:280000 t_sim:14000.00 ms
2021-08-26 19:08:54,141 [INFO]     step:285000 t_sim:14250.00 ms
2021-08-26 19:10:11,971 [INFO]     step:290000 t_sim:14500.00 ms
2021-08-26 19:11:31,980 [INFO]     step:295000 t_sim:14750.00 ms
2021-08-26 19:12:52,960 [INFO]     step:300000 t_sim:15000.00 ms
2021-08-26 19:12:57,023 [INFO] Simulation completed in 95.0 minutes, 39.52 seconds 
Done running model at Thu Aug 26 19:13:07 CDT 2021
