numprocs=50
NEURON -- VERSION 7.7.2 7.7 (2b7985ba) 2019-06-20
Duke, Yale, and the BlueBrain Project -- Copyright 1984-2018
See http://neuron.yale.edu/neuron/credits

2021-08-27 10:11:27,372 [INFO] Created log file
2021-08-27 10:11:27,373 [INFO] Running NEURON with mpi (50 cores).
Additional mechanisms from files
 modfiles/bg2pyr.mod modfiles/bginh.mod modfiles/cadyn.mod modfiles/cal2CA3.mod modfiles/cal2.mod modfiles/ca.mod modfiles/capoolCA3.mod modfiles/capool.mod modfiles/cas.mod modfiles/cat.mod modfiles/currentclamp.mod modfiles/function_TMonitor.mod modfiles/gap.mod modfiles/Gfluct_new_exc.mod modfiles/Gfluct_new_inh.mod modfiles/halfgap.mod modfiles/hCA3.mod modfiles/h.mod modfiles/imCA3.mod modfiles/im.mod modfiles/interD2interD_SOMPV_STFD_new.mod modfiles/interD2interD_STFD_new.mod modfiles/interD2pyrD_CR2P_STFD_new.mod modfiles/interD2pyrD_SOM2P_STFD_new.mod modfiles/interD2pyrD_STFD_new.mod modfiles/kadist.mod modfiles/kaprox.mod modfiles/kca.mod modfiles/kdrca1DA.mod modfiles/kdrca1.mod modfiles/kdrCA3.mod modfiles/kdrinter.mod modfiles/leakCA3.mod modfiles/leakDA.mod modfiles/leakinter.mod modfiles/leak.mod modfiles/na3DA.mod modfiles/na3.mod modfiles/nainter.mod modfiles/napCA3.mod modfiles/nap.mod modfiles/natCA3.mod modfiles/nat.mod modfiles/pyrD2interD_P2CR_STFD.mod modfiles/pyrD2interD_P2SOM_STFD.mod modfiles/pyrD2interD_STFD.mod modfiles/pyrD2pyrD_STFD_new.mod modfiles/sahpCA3.mod modfiles/sahp.mod modfiles/sahpNE.mod modfiles/vecevent.mod modfiles/xtra_imemrec.mod modfiles/xtra.mod
2021-08-27 10:11:29,889 [INFO] Building cells.
2021-08-27 10:11:30,699 [INFO] Building recurrent connections
2021-08-27 10:11:54,831 [INFO] Building virtual cell stimulations for thalamus_pyr_spikes
2021-08-27 10:12:17,450 [INFO] Building virtual cell stimulations for thalamus_som_spikes
2021-08-27 10:12:18,019 [INFO] Building virtual cell stimulations for thalamus_cr_spikes
2021-08-27 10:12:18,596 [INFO] Building virtual cell stimulations for shell_spikes
2021-08-27 10:12:57,442 [INFO] Running simulation for 15000.000 ms with the time step 0.050 ms
2021-08-27 10:12:57,442 [INFO] Starting timestep: 0 at t_sim: 0.000 ms
2021-08-27 10:12:57,442 [INFO] Block save every 5000 steps
2021-08-27 10:13:55,924 [INFO]     step:5000 t_sim:250.00 ms
2021-08-27 10:14:54,624 [INFO]     step:10000 t_sim:500.00 ms
2021-08-27 10:15:51,389 [INFO]     step:15000 t_sim:750.00 ms
2021-08-27 10:16:49,344 [INFO]     step:20000 t_sim:1000.00 ms
2021-08-27 10:17:48,010 [INFO]     step:25000 t_sim:1250.00 ms
2021-08-27 10:18:44,766 [INFO]     step:30000 t_sim:1500.00 ms
2021-08-27 10:19:42,543 [INFO]     step:35000 t_sim:1750.00 ms
2021-08-27 10:20:41,657 [INFO]     step:40000 t_sim:2000.00 ms
2021-08-27 10:21:38,386 [INFO]     step:45000 t_sim:2250.00 ms
2021-08-27 10:22:35,201 [INFO]     step:50000 t_sim:2500.00 ms
2021-08-27 10:23:31,956 [INFO]     step:55000 t_sim:2750.00 ms
2021-08-27 10:24:28,669 [INFO]     step:60000 t_sim:3000.00 ms
2021-08-27 10:25:25,816 [INFO]     step:65000 t_sim:3250.00 ms
2021-08-27 10:26:22,818 [INFO]     step:70000 t_sim:3500.00 ms
2021-08-27 10:27:20,667 [INFO]     step:75000 t_sim:3750.00 ms
2021-08-27 10:28:17,839 [INFO]     step:80000 t_sim:4000.00 ms
2021-08-27 10:29:14,841 [INFO]     step:85000 t_sim:4250.00 ms
2021-08-27 10:30:11,805 [INFO]     step:90000 t_sim:4500.00 ms
2021-08-27 10:31:09,577 [INFO]     step:95000 t_sim:4750.00 ms
2021-08-27 10:32:06,553 [INFO]     step:100000 t_sim:5000.00 ms
2021-08-27 10:33:04,250 [INFO]     step:105000 t_sim:5250.00 ms
2021-08-27 10:34:02,967 [INFO]     step:110000 t_sim:5500.00 ms
2021-08-27 10:35:00,324 [INFO]     step:115000 t_sim:5750.00 ms
2021-08-27 10:35:57,480 [INFO]     step:120000 t_sim:6000.00 ms
2021-08-27 10:36:54,404 [INFO]     step:125000 t_sim:6250.00 ms
2021-08-27 10:37:51,294 [INFO]     step:130000 t_sim:6500.00 ms
2021-08-27 10:38:48,192 [INFO]     step:135000 t_sim:6750.00 ms
2021-08-27 10:39:45,203 [INFO]     step:140000 t_sim:7000.00 ms
2021-08-27 10:40:42,946 [INFO]     step:145000 t_sim:7250.00 ms
2021-08-27 10:41:39,938 [INFO]     step:150000 t_sim:7500.00 ms
2021-08-27 10:42:37,342 [INFO]     step:155000 t_sim:7750.00 ms
2021-08-27 10:43:35,457 [INFO]     step:160000 t_sim:8000.00 ms
2021-08-27 10:44:32,646 [INFO]     step:165000 t_sim:8250.00 ms
2021-08-27 10:45:30,699 [INFO]     step:170000 t_sim:8500.00 ms
2021-08-27 10:46:31,029 [INFO]     step:175000 t_sim:8750.00 ms
2021-08-27 10:47:27,893 [INFO]     step:180000 t_sim:9000.00 ms
2021-08-27 10:48:24,617 [INFO]     step:185000 t_sim:9250.00 ms
2021-08-27 10:49:21,224 [INFO]     step:190000 t_sim:9500.00 ms
2021-08-27 10:50:19,649 [INFO]     step:195000 t_sim:9750.00 ms
2021-08-27 10:51:16,560 [INFO]     step:200000 t_sim:10000.00 ms
2021-08-27 10:52:14,098 [INFO]     step:205000 t_sim:10250.00 ms
2021-08-27 10:53:11,487 [INFO]     step:210000 t_sim:10500.00 ms
2021-08-27 10:54:08,361 [INFO]     step:215000 t_sim:10750.00 ms
2021-08-27 10:55:05,371 [INFO]     step:220000 t_sim:11000.00 ms
2021-08-27 10:56:02,251 [INFO]     step:225000 t_sim:11250.00 ms
2021-08-27 10:56:59,112 [INFO]     step:230000 t_sim:11500.00 ms
2021-08-27 10:57:55,868 [INFO]     step:235000 t_sim:11750.00 ms
2021-08-27 10:58:52,576 [INFO]     step:240000 t_sim:12000.00 ms
2021-08-27 10:59:49,477 [INFO]     step:245000 t_sim:12250.00 ms
2021-08-27 11:00:46,326 [INFO]     step:250000 t_sim:12500.00 ms
2021-08-27 11:01:44,031 [INFO]     step:255000 t_sim:12750.00 ms
2021-08-27 11:02:40,641 [INFO]     step:260000 t_sim:13000.00 ms
2021-08-27 11:03:36,972 [INFO]     step:265000 t_sim:13250.00 ms
2021-08-27 11:04:35,331 [INFO]     step:270000 t_sim:13500.00 ms
2021-08-27 11:05:33,295 [INFO]     step:275000 t_sim:13750.00 ms
2021-08-27 11:06:31,267 [INFO]     step:280000 t_sim:14000.00 ms
2021-08-27 11:07:29,346 [INFO]     step:285000 t_sim:14250.00 ms
2021-08-27 11:08:27,263 [INFO]     step:290000 t_sim:14500.00 ms
2021-08-27 11:09:25,315 [INFO]     step:295000 t_sim:14750.00 ms
2021-08-27 11:10:23,707 [INFO]     step:300000 t_sim:15000.00 ms
2021-08-27 11:10:27,280 [INFO] Simulation completed in 57.0 minutes, 29.84 seconds 
Done running model at Fri Aug 27 11:10:37 CDT 2021
