numprocs=50
NEURON -- VERSION 7.7.2 7.7 (2b7985ba) 2019-06-20
Duke, Yale, and the BlueBrain Project -- Copyright 1984-2018
See http://neuron.yale.edu/neuron/credits

2021-08-25 18:10:43,220 [INFO] Created log file
2021-08-25 18:10:43,221 [INFO] Running NEURON with mpi (50 cores).
Additional mechanisms from files
 modfiles/bg2pyr.mod modfiles/bginh.mod modfiles/cadyn.mod modfiles/cal2CA3.mod modfiles/cal2.mod modfiles/ca.mod modfiles/capoolCA3.mod modfiles/capool.mod modfiles/cas.mod modfiles/cat.mod modfiles/currentclamp.mod modfiles/function_TMonitor.mod modfiles/gap.mod modfiles/Gfluct_new_exc.mod modfiles/Gfluct_new_inh.mod modfiles/halfgap.mod modfiles/hCA3.mod modfiles/h.mod modfiles/imCA3.mod modfiles/im.mod modfiles/interD2interD_SOMPV_STFD_new.mod modfiles/interD2interD_STFD_new.mod modfiles/interD2pyrD_CR2P_STFD_new.mod modfiles/interD2pyrD_SOM2P_STFD_new.mod modfiles/interD2pyrD_STFD_new.mod modfiles/kadist.mod modfiles/kaprox.mod modfiles/kca.mod modfiles/kdrca1DA.mod modfiles/kdrca1.mod modfiles/kdrCA3.mod modfiles/kdrinter.mod modfiles/leakCA3.mod modfiles/leakDA.mod modfiles/leakinter.mod modfiles/leak.mod modfiles/na3DA.mod modfiles/na3.mod modfiles/nainter.mod modfiles/napCA3.mod modfiles/nap.mod modfiles/natCA3.mod modfiles/nat.mod modfiles/pyrD2interD_P2CR_STFD.mod modfiles/pyrD2interD_P2SOM_STFD.mod modfiles/pyrD2interD_STFD.mod modfiles/pyrD2pyrD_STFD_new.mod modfiles/sahpCA3.mod modfiles/sahp.mod modfiles/sahpNE.mod modfiles/vecevent.mod modfiles/xtra_imemrec.mod modfiles/xtra.mod
2021-08-25 18:10:47,392 [INFO] Building cells.
2021-08-25 18:10:47,710 [INFO] Building recurrent connections
2021-08-25 18:11:14,809 [INFO] Building virtual cell stimulations for thalamus_pyr_spikes
2021-08-25 18:11:35,990 [INFO] Building virtual cell stimulations for thalamus_som_spikes
2021-08-25 18:11:36,576 [INFO] Building virtual cell stimulations for thalamus_cr_spikes
2021-08-25 18:11:37,258 [INFO] Building virtual cell stimulations for shell_spikes
2021-08-25 18:12:14,183 [INFO] Running simulation for 15000.000 ms with the time step 0.050 ms
2021-08-25 18:12:14,184 [INFO] Starting timestep: 0 at t_sim: 0.000 ms
2021-08-25 18:12:14,184 [INFO] Block save every 5000 steps
2021-08-25 18:13:18,519 [INFO]     step:5000 t_sim:250.00 ms
2021-08-25 18:14:23,558 [INFO]     step:10000 t_sim:500.00 ms
2021-08-25 18:15:54,322 [INFO]     step:15000 t_sim:750.00 ms
2021-08-25 18:17:24,116 [INFO]     step:20000 t_sim:1000.00 ms
2021-08-25 18:18:54,393 [INFO]     step:25000 t_sim:1250.00 ms
2021-08-25 18:20:24,100 [INFO]     step:30000 t_sim:1500.00 ms
2021-08-25 18:21:59,618 [INFO]     step:35000 t_sim:1750.00 ms
2021-08-25 18:23:41,996 [INFO]     step:40000 t_sim:2000.00 ms
2021-08-25 18:25:23,299 [INFO]     step:45000 t_sim:2250.00 ms
2021-08-25 18:27:06,857 [INFO]     step:50000 t_sim:2500.00 ms
2021-08-25 18:28:47,318 [INFO]     step:55000 t_sim:2750.00 ms
2021-08-25 18:30:31,185 [INFO]     step:60000 t_sim:3000.00 ms
2021-08-25 18:32:10,590 [INFO]     step:65000 t_sim:3250.00 ms
2021-08-25 18:33:51,716 [INFO]     step:70000 t_sim:3500.00 ms
2021-08-25 18:35:31,302 [INFO]     step:75000 t_sim:3750.00 ms
2021-08-25 18:37:10,680 [INFO]     step:80000 t_sim:4000.00 ms
2021-08-25 18:38:51,837 [INFO]     step:85000 t_sim:4250.00 ms
2021-08-25 18:40:31,977 [INFO]     step:90000 t_sim:4500.00 ms
2021-08-25 18:42:09,319 [INFO]     step:95000 t_sim:4750.00 ms
2021-08-25 18:43:40,289 [INFO]     step:100000 t_sim:5000.00 ms
2021-08-25 18:45:10,458 [INFO]     step:105000 t_sim:5250.00 ms
2021-08-25 18:46:42,861 [INFO]     step:110000 t_sim:5500.00 ms
2021-08-25 18:48:15,098 [INFO]     step:115000 t_sim:5750.00 ms
2021-08-25 18:49:45,754 [INFO]     step:120000 t_sim:6000.00 ms
2021-08-25 18:51:24,681 [INFO]     step:125000 t_sim:6250.00 ms
2021-08-25 18:52:56,725 [INFO]     step:130000 t_sim:6500.00 ms
2021-08-25 18:54:29,752 [INFO]     step:135000 t_sim:6750.00 ms
2021-08-25 18:56:07,447 [INFO]     step:140000 t_sim:7000.00 ms
2021-08-25 18:57:40,488 [INFO]     step:145000 t_sim:7250.00 ms
2021-08-25 18:59:12,756 [INFO]     step:150000 t_sim:7500.00 ms
2021-08-25 19:00:44,815 [INFO]     step:155000 t_sim:7750.00 ms
2021-08-25 19:02:16,368 [INFO]     step:160000 t_sim:8000.00 ms
2021-08-25 19:03:48,965 [INFO]     step:165000 t_sim:8250.00 ms
2021-08-25 19:05:21,431 [INFO]     step:170000 t_sim:8500.00 ms
2021-08-25 19:06:55,154 [INFO]     step:175000 t_sim:8750.00 ms
2021-08-25 19:08:25,499 [INFO]     step:180000 t_sim:9000.00 ms
2021-08-25 19:09:57,762 [INFO]     step:185000 t_sim:9250.00 ms
2021-08-25 19:11:29,888 [INFO]     step:190000 t_sim:9500.00 ms
2021-08-25 19:13:06,464 [INFO]     step:195000 t_sim:9750.00 ms
2021-08-25 19:14:44,117 [INFO]     step:200000 t_sim:10000.00 ms
2021-08-25 19:16:18,284 [INFO]     step:205000 t_sim:10250.00 ms
2021-08-25 19:17:52,224 [INFO]     step:210000 t_sim:10500.00 ms
2021-08-25 19:19:29,537 [INFO]     step:215000 t_sim:10750.00 ms
2021-08-25 19:21:03,535 [INFO]     step:220000 t_sim:11000.00 ms
2021-08-25 19:22:38,697 [INFO]     step:225000 t_sim:11250.00 ms
2021-08-25 19:24:14,958 [INFO]     step:230000 t_sim:11500.00 ms
2021-08-25 19:25:50,855 [INFO]     step:235000 t_sim:11750.00 ms
2021-08-25 19:27:22,632 [INFO]     step:240000 t_sim:12000.00 ms
2021-08-25 19:28:56,205 [INFO]     step:245000 t_sim:12250.00 ms
2021-08-25 19:30:34,124 [INFO]     step:250000 t_sim:12500.00 ms
2021-08-25 19:32:08,897 [INFO]     step:255000 t_sim:12750.00 ms
2021-08-25 19:33:46,736 [INFO]     step:260000 t_sim:13000.00 ms
2021-08-25 19:35:21,702 [INFO]     step:265000 t_sim:13250.00 ms
2021-08-25 19:36:58,409 [INFO]     step:270000 t_sim:13500.00 ms
2021-08-25 19:38:37,672 [INFO]     step:275000 t_sim:13750.00 ms
2021-08-25 19:40:13,524 [INFO]     step:280000 t_sim:14000.00 ms
2021-08-25 19:41:50,099 [INFO]     step:285000 t_sim:14250.00 ms
2021-08-25 19:43:23,883 [INFO]     step:290000 t_sim:14500.00 ms
2021-08-25 19:44:57,828 [INFO]     step:295000 t_sim:14750.00 ms
2021-08-25 19:46:31,840 [INFO]     step:300000 t_sim:15000.00 ms
2021-08-25 19:46:36,741 [INFO] Simulation completed in 94.0 minutes, 22.56 seconds 
Done running model at Wed Aug 25 19:46:48 CDT 2021
