numprocs=50
NEURON -- VERSION 7.7.2 7.7 (2b7985ba) 2019-06-20
Duke, Yale, and the BlueBrain Project -- Copyright 1984-2018
See http://neuron.yale.edu/neuron/credits

2021-08-25 16:49:16,297 [INFO] Created log file
2021-08-25 16:49:16,298 [INFO] Running NEURON with mpi (50 cores).
Additional mechanisms from files
 modfiles/bg2pyr.mod modfiles/bginh.mod modfiles/cadyn.mod modfiles/cal2CA3.mod modfiles/cal2.mod modfiles/ca.mod modfiles/capoolCA3.mod modfiles/capool.mod modfiles/cas.mod modfiles/cat.mod modfiles/currentclamp.mod modfiles/function_TMonitor.mod modfiles/gap.mod modfiles/Gfluct_new_exc.mod modfiles/Gfluct_new_inh.mod modfiles/halfgap.mod modfiles/hCA3.mod modfiles/h.mod modfiles/imCA3.mod modfiles/im.mod modfiles/interD2interD_SOMPV_STFD_new.mod modfiles/interD2interD_STFD_new.mod modfiles/interD2pyrD_CR2P_STFD_new.mod modfiles/interD2pyrD_SOM2P_STFD_new.mod modfiles/interD2pyrD_STFD_new.mod modfiles/kadist.mod modfiles/kaprox.mod modfiles/kca.mod modfiles/kdrca1DA.mod modfiles/kdrca1.mod modfiles/kdrCA3.mod modfiles/kdrinter.mod modfiles/leakCA3.mod modfiles/leakDA.mod modfiles/leakinter.mod modfiles/leak.mod modfiles/na3DA.mod modfiles/na3.mod modfiles/nainter.mod modfiles/napCA3.mod modfiles/nap.mod modfiles/natCA3.mod modfiles/nat.mod modfiles/pyrD2interD_P2CR_STFD.mod modfiles/pyrD2interD_P2SOM_STFD.mod modfiles/pyrD2interD_STFD.mod modfiles/pyrD2pyrD_STFD_new.mod modfiles/sahpCA3.mod modfiles/sahp.mod modfiles/sahpNE.mod modfiles/vecevent.mod modfiles/xtra_imemrec.mod modfiles/xtra.mod
2021-08-25 16:49:19,493 [INFO] Building cells.
2021-08-25 16:49:20,295 [INFO] Building recurrent connections
2021-08-25 16:49:48,667 [INFO] Building virtual cell stimulations for thalamus_pyr_spikes
2021-08-25 16:50:14,362 [INFO] Building virtual cell stimulations for thalamus_som_spikes
2021-08-25 16:50:15,032 [INFO] Building virtual cell stimulations for thalamus_cr_spikes
2021-08-25 16:50:15,822 [INFO] Building virtual cell stimulations for shell_spikes
2021-08-25 16:51:01,693 [INFO] Running simulation for 15000.000 ms with the time step 0.050 ms
2021-08-25 16:51:01,694 [INFO] Starting timestep: 0 at t_sim: 0.000 ms
2021-08-25 16:51:01,694 [INFO] Block save every 5000 steps
2021-08-25 16:52:37,816 [INFO]     step:5000 t_sim:250.00 ms
2021-08-25 16:54:11,860 [INFO]     step:10000 t_sim:500.00 ms
2021-08-25 16:55:48,733 [INFO]     step:15000 t_sim:750.00 ms
2021-08-25 16:57:28,058 [INFO]     step:20000 t_sim:1000.00 ms
2021-08-25 16:59:04,601 [INFO]     step:25000 t_sim:1250.00 ms
2021-08-25 17:00:31,069 [INFO]     step:30000 t_sim:1500.00 ms
2021-08-25 17:01:32,912 [INFO]     step:35000 t_sim:1750.00 ms
2021-08-25 17:02:35,378 [INFO]     step:40000 t_sim:2000.00 ms
2021-08-25 17:03:36,113 [INFO]     step:45000 t_sim:2250.00 ms
2021-08-25 17:04:40,931 [INFO]     step:50000 t_sim:2500.00 ms
2021-08-25 17:05:37,323 [INFO]     step:55000 t_sim:2750.00 ms
2021-08-25 17:06:43,013 [INFO]     step:60000 t_sim:3000.00 ms
2021-08-25 17:07:39,493 [INFO]     step:65000 t_sim:3250.00 ms
2021-08-25 17:08:35,105 [INFO]     step:70000 t_sim:3500.00 ms
2021-08-25 17:09:30,409 [INFO]     step:75000 t_sim:3750.00 ms
2021-08-25 17:10:24,769 [INFO]     step:80000 t_sim:4000.00 ms
2021-08-25 17:11:18,735 [INFO]     step:85000 t_sim:4250.00 ms
2021-08-25 17:12:12,539 [INFO]     step:90000 t_sim:4500.00 ms
2021-08-25 17:13:07,083 [INFO]     step:95000 t_sim:4750.00 ms
2021-08-25 17:14:03,730 [INFO]     step:100000 t_sim:5000.00 ms
2021-08-25 17:14:59,349 [INFO]     step:105000 t_sim:5250.00 ms
2021-08-25 17:15:54,770 [INFO]     step:110000 t_sim:5500.00 ms
2021-08-25 17:16:50,113 [INFO]     step:115000 t_sim:5750.00 ms
2021-08-25 17:17:45,457 [INFO]     step:120000 t_sim:6000.00 ms
2021-08-25 17:18:39,664 [INFO]     step:125000 t_sim:6250.00 ms
2021-08-25 17:19:36,047 [INFO]     step:130000 t_sim:6500.00 ms
2021-08-25 17:20:30,442 [INFO]     step:135000 t_sim:6750.00 ms
2021-08-25 17:21:25,312 [INFO]     step:140000 t_sim:7000.00 ms
2021-08-25 17:22:21,329 [INFO]     step:145000 t_sim:7250.00 ms
2021-08-25 17:23:15,639 [INFO]     step:150000 t_sim:7500.00 ms
2021-08-25 17:24:09,707 [INFO]     step:155000 t_sim:7750.00 ms
2021-08-25 17:25:04,453 [INFO]     step:160000 t_sim:8000.00 ms
2021-08-25 17:26:02,081 [INFO]     step:165000 t_sim:8250.00 ms
2021-08-25 17:27:01,438 [INFO]     step:170000 t_sim:8500.00 ms
2021-08-25 17:28:12,657 [INFO]     step:175000 t_sim:8750.00 ms
2021-08-25 17:29:13,983 [INFO]     step:180000 t_sim:9000.00 ms
2021-08-25 17:30:20,406 [INFO]     step:185000 t_sim:9250.00 ms
2021-08-25 17:31:29,548 [INFO]     step:190000 t_sim:9500.00 ms
2021-08-25 17:32:32,141 [INFO]     step:195000 t_sim:9750.00 ms
2021-08-25 17:33:37,731 [INFO]     step:200000 t_sim:10000.00 ms
2021-08-25 17:34:49,549 [INFO]     step:205000 t_sim:10250.00 ms
2021-08-25 17:35:51,856 [INFO]     step:210000 t_sim:10500.00 ms
2021-08-25 17:36:53,461 [INFO]     step:215000 t_sim:10750.00 ms
2021-08-25 17:37:56,736 [INFO]     step:220000 t_sim:11000.00 ms
2021-08-25 17:39:03,697 [INFO]     step:225000 t_sim:11250.00 ms
2021-08-25 17:40:07,296 [INFO]     step:230000 t_sim:11500.00 ms
2021-08-25 17:41:09,920 [INFO]     step:235000 t_sim:11750.00 ms
2021-08-25 17:42:13,086 [INFO]     step:240000 t_sim:12000.00 ms
2021-08-25 17:43:17,648 [INFO]     step:245000 t_sim:12250.00 ms
2021-08-25 17:44:24,016 [INFO]     step:250000 t_sim:12500.00 ms
2021-08-25 17:45:22,811 [INFO]     step:255000 t_sim:12750.00 ms
2021-08-25 17:46:20,339 [INFO]     step:260000 t_sim:13000.00 ms
2021-08-25 17:47:17,846 [INFO]     step:265000 t_sim:13250.00 ms
2021-08-25 17:48:14,996 [INFO]     step:270000 t_sim:13500.00 ms
2021-08-25 17:49:12,656 [INFO]     step:275000 t_sim:13750.00 ms
2021-08-25 17:50:11,415 [INFO]     step:280000 t_sim:14000.00 ms
2021-08-25 17:51:09,377 [INFO]     step:285000 t_sim:14250.00 ms
2021-08-25 17:52:06,747 [INFO]     step:290000 t_sim:14500.00 ms
2021-08-25 17:53:03,920 [INFO]     step:295000 t_sim:14750.00 ms
2021-08-25 17:54:01,089 [INFO]     step:300000 t_sim:15000.00 ms
2021-08-25 17:54:04,906 [INFO] Simulation completed in 63.0 minutes, 3.215 seconds 
analysis.py:121: UserWarning: Creating legend with loc="best" can be slow with large amounts of data.
  plt.savefig(f_name, bbox_inches='tight')
Done running model at Wed Aug 25 17:54:19 CDT 2021
