numprocs=50
NEURON -- VERSION 7.7.2 7.7 (2b7985ba) 2019-06-20
Duke, Yale, and the BlueBrain Project -- Copyright 1984-2018
See http://neuron.yale.edu/neuron/credits

2021-08-25 15:01:53,280 [INFO] Created log file
2021-08-25 15:01:53,281 [INFO] Running NEURON with mpi (50 cores).
Additional mechanisms from files
 modfiles/bg2pyr.mod modfiles/bginh.mod modfiles/cadyn.mod modfiles/cal2CA3.mod modfiles/cal2.mod modfiles/ca.mod modfiles/capoolCA3.mod modfiles/capool.mod modfiles/cas.mod modfiles/cat.mod modfiles/currentclamp.mod modfiles/function_TMonitor.mod modfiles/gap.mod modfiles/Gfluct_new_exc.mod modfiles/Gfluct_new_inh.mod modfiles/halfgap.mod modfiles/hCA3.mod modfiles/h.mod modfiles/imCA3.mod modfiles/im.mod modfiles/interD2interD_SOMPV_STFD_new.mod modfiles/interD2interD_STFD_new.mod modfiles/interD2pyrD_CR2P_STFD_new.mod modfiles/interD2pyrD_SOM2P_STFD_new.mod modfiles/interD2pyrD_STFD_new.mod modfiles/kadist.mod modfiles/kaprox.mod modfiles/kca.mod modfiles/kdrca1DA.mod modfiles/kdrca1.mod modfiles/kdrCA3.mod modfiles/kdrinter.mod modfiles/leakCA3.mod modfiles/leakDA.mod modfiles/leakinter.mod modfiles/leak.mod modfiles/na3DA.mod modfiles/na3.mod modfiles/nainter.mod modfiles/napCA3.mod modfiles/nap.mod modfiles/natCA3.mod modfiles/nat.mod modfiles/pyrD2interD_P2CR_STFD.mod modfiles/pyrD2interD_P2SOM_STFD.mod modfiles/pyrD2interD_STFD.mod modfiles/pyrD2pyrD_STFD_new.mod modfiles/sahpCA3.mod modfiles/sahp.mod modfiles/sahpNE.mod modfiles/vecevent.mod modfiles/xtra_imemrec.mod modfiles/xtra.mod
2021-08-25 15:01:56,130 [INFO] Building cells.
2021-08-25 15:01:56,841 [INFO] Building recurrent connections
2021-08-25 15:02:21,162 [INFO] Building virtual cell stimulations for thalamus_pyr_spikes
2021-08-25 15:02:44,763 [INFO] Building virtual cell stimulations for thalamus_som_spikes
2021-08-25 15:02:45,299 [INFO] Building virtual cell stimulations for thalamus_cr_spikes
2021-08-25 15:02:45,841 [INFO] Building virtual cell stimulations for shell_spikes
2021-08-25 15:03:23,550 [INFO] Running simulation for 15000.000 ms with the time step 0.050 ms
2021-08-25 15:03:23,550 [INFO] Starting timestep: 0 at t_sim: 0.000 ms
2021-08-25 15:03:23,550 [INFO] Block save every 5000 steps
2021-08-25 15:04:20,966 [INFO]     step:5000 t_sim:250.00 ms
2021-08-25 15:05:17,708 [INFO]     step:10000 t_sim:500.00 ms
srun: Job step aborted: Waiting up to 32 seconds for job step to finish.
srun: got SIGCONT
slurmstepd: error: *** JOB 1264 ON engr-nelvm-res CANCELLED AT 2021-08-25T15:05:39 ***
srun: forcing job termination
slurmstepd: error: *** STEP 1264.0 ON engr-nelvm-res CANCELLED AT 2021-08-25T15:05:39 ***
