numprocs=50
NEURON -- VERSION 7.7.2 7.7 (2b7985ba) 2019-06-20
Duke, Yale, and the BlueBrain Project -- Copyright 1984-2018
See http://neuron.yale.edu/neuron/credits

2021-08-25 15:08:39,709 [INFO] Created log file
2021-08-25 15:08:39,710 [INFO] Running NEURON with mpi (50 cores).
Additional mechanisms from files
 modfiles/bg2pyr.mod modfiles/bginh.mod modfiles/cadyn.mod modfiles/cal2CA3.mod modfiles/cal2.mod modfiles/ca.mod modfiles/capoolCA3.mod modfiles/capool.mod modfiles/cas.mod modfiles/cat.mod modfiles/currentclamp.mod modfiles/function_TMonitor.mod modfiles/gap.mod modfiles/Gfluct_new_exc.mod modfiles/Gfluct_new_inh.mod modfiles/halfgap.mod modfiles/hCA3.mod modfiles/h.mod modfiles/imCA3.mod modfiles/im.mod modfiles/interD2interD_SOMPV_STFD_new.mod modfiles/interD2interD_STFD_new.mod modfiles/interD2pyrD_CR2P_STFD_new.mod modfiles/interD2pyrD_SOM2P_STFD_new.mod modfiles/interD2pyrD_STFD_new.mod modfiles/kadist.mod modfiles/kaprox.mod modfiles/kca.mod modfiles/kdrca1DA.mod modfiles/kdrca1.mod modfiles/kdrCA3.mod modfiles/kdrinter.mod modfiles/leakCA3.mod modfiles/leakDA.mod modfiles/leakinter.mod modfiles/leak.mod modfiles/na3DA.mod modfiles/na3.mod modfiles/nainter.mod modfiles/napCA3.mod modfiles/nap.mod modfiles/natCA3.mod modfiles/nat.mod modfiles/pyrD2interD_P2CR_STFD.mod modfiles/pyrD2interD_P2SOM_STFD.mod modfiles/pyrD2interD_STFD.mod modfiles/pyrD2pyrD_STFD_new.mod modfiles/sahpCA3.mod modfiles/sahp.mod modfiles/sahpNE.mod modfiles/vecevent.mod modfiles/xtra_imemrec.mod modfiles/xtra.mod
2021-08-25 15:08:42,725 [INFO] Building cells.
2021-08-25 15:08:43,187 [INFO] Building recurrent connections
2021-08-25 15:09:06,619 [INFO] Building virtual cell stimulations for thalamus_pyr_spikes
2021-08-25 15:09:29,075 [INFO] Building virtual cell stimulations for thalamus_som_spikes
2021-08-25 15:09:29,645 [INFO] Building virtual cell stimulations for thalamus_cr_spikes
2021-08-25 15:09:30,221 [INFO] Building virtual cell stimulations for shell_spikes
2021-08-25 15:10:08,255 [INFO] Running simulation for 15000.000 ms with the time step 0.050 ms
2021-08-25 15:10:08,255 [INFO] Starting timestep: 0 at t_sim: 0.000 ms
2021-08-25 15:10:08,255 [INFO] Block save every 5000 steps
2021-08-25 15:11:10,141 [INFO]     step:5000 t_sim:250.00 ms
2021-08-25 15:12:12,862 [INFO]     step:10000 t_sim:500.00 ms
2021-08-25 15:13:11,176 [INFO]     step:15000 t_sim:750.00 ms
2021-08-25 15:14:10,064 [INFO]     step:20000 t_sim:1000.00 ms
2021-08-25 15:15:08,199 [INFO]     step:25000 t_sim:1250.00 ms
2021-08-25 15:16:06,787 [INFO]     step:30000 t_sim:1500.00 ms
2021-08-25 15:17:05,750 [INFO]     step:35000 t_sim:1750.00 ms
2021-08-25 15:18:04,750 [INFO]     step:40000 t_sim:2000.00 ms
2021-08-25 15:19:03,028 [INFO]     step:45000 t_sim:2250.00 ms
2021-08-25 15:20:01,587 [INFO]     step:50000 t_sim:2500.00 ms
2021-08-25 15:20:59,185 [INFO]     step:55000 t_sim:2750.00 ms
2021-08-25 15:21:57,762 [INFO]     step:60000 t_sim:3000.00 ms
2021-08-25 15:22:55,118 [INFO]     step:65000 t_sim:3250.00 ms
2021-08-25 15:23:53,139 [INFO]     step:70000 t_sim:3500.00 ms
2021-08-25 15:24:51,039 [INFO]     step:75000 t_sim:3750.00 ms
2021-08-25 15:25:50,416 [INFO]     step:80000 t_sim:4000.00 ms
2021-08-25 15:26:48,618 [INFO]     step:85000 t_sim:4250.00 ms
2021-08-25 15:27:46,265 [INFO]     step:90000 t_sim:4500.00 ms
2021-08-25 15:28:44,864 [INFO]     step:95000 t_sim:4750.00 ms
2021-08-25 15:29:43,662 [INFO]     step:100000 t_sim:5000.00 ms
2021-08-25 15:30:41,459 [INFO]     step:105000 t_sim:5250.00 ms
2021-08-25 15:31:39,258 [INFO]     step:110000 t_sim:5500.00 ms
2021-08-25 15:32:37,320 [INFO]     step:115000 t_sim:5750.00 ms
2021-08-25 15:33:38,198 [INFO]     step:120000 t_sim:6000.00 ms
2021-08-25 15:34:39,209 [INFO]     step:125000 t_sim:6250.00 ms
2021-08-25 15:35:43,616 [INFO]     step:130000 t_sim:6500.00 ms
2021-08-25 15:36:42,583 [INFO]     step:135000 t_sim:6750.00 ms
2021-08-25 15:37:42,480 [INFO]     step:140000 t_sim:7000.00 ms
2021-08-25 15:38:43,423 [INFO]     step:145000 t_sim:7250.00 ms
2021-08-25 15:39:45,125 [INFO]     step:150000 t_sim:7500.00 ms
2021-08-25 15:40:44,038 [INFO]     step:155000 t_sim:7750.00 ms
2021-08-25 15:41:43,698 [INFO]     step:160000 t_sim:8000.00 ms
2021-08-25 15:42:43,158 [INFO]     step:165000 t_sim:8250.00 ms
2021-08-25 15:43:44,394 [INFO]     step:170000 t_sim:8500.00 ms
2021-08-25 15:44:46,717 [INFO]     step:175000 t_sim:8750.00 ms
2021-08-25 15:45:45,791 [INFO]     step:180000 t_sim:9000.00 ms
2021-08-25 15:46:45,715 [INFO]     step:185000 t_sim:9250.00 ms
2021-08-25 15:47:44,563 [INFO]     step:190000 t_sim:9500.00 ms
2021-08-25 15:48:43,808 [INFO]     step:195000 t_sim:9750.00 ms
2021-08-25 15:49:42,575 [INFO]     step:200000 t_sim:10000.00 ms
2021-08-25 15:50:41,015 [INFO]     step:205000 t_sim:10250.00 ms
2021-08-25 15:51:39,290 [INFO]     step:210000 t_sim:10500.00 ms
2021-08-25 15:52:39,441 [INFO]     step:215000 t_sim:10750.00 ms
2021-08-25 15:53:37,498 [INFO]     step:220000 t_sim:11000.00 ms
2021-08-25 15:54:35,681 [INFO]     step:225000 t_sim:11250.00 ms
2021-08-25 15:55:33,698 [INFO]     step:230000 t_sim:11500.00 ms
2021-08-25 15:56:31,366 [INFO]     step:235000 t_sim:11750.00 ms
2021-08-25 15:57:30,746 [INFO]     step:240000 t_sim:12000.00 ms
2021-08-25 15:58:30,449 [INFO]     step:245000 t_sim:12250.00 ms
2021-08-25 15:59:29,690 [INFO]     step:250000 t_sim:12500.00 ms
2021-08-25 16:00:28,269 [INFO]     step:255000 t_sim:12750.00 ms
2021-08-25 16:01:26,868 [INFO]     step:260000 t_sim:13000.00 ms
2021-08-25 16:02:25,494 [INFO]     step:265000 t_sim:13250.00 ms
2021-08-25 16:03:23,986 [INFO]     step:270000 t_sim:13500.00 ms
2021-08-25 16:04:22,046 [INFO]     step:275000 t_sim:13750.00 ms
2021-08-25 16:05:20,487 [INFO]     step:280000 t_sim:14000.00 ms
2021-08-25 16:06:18,472 [INFO]     step:285000 t_sim:14250.00 ms
2021-08-25 16:07:16,746 [INFO]     step:290000 t_sim:14500.00 ms
2021-08-25 16:08:14,877 [INFO]     step:295000 t_sim:14750.00 ms
2021-08-25 16:09:14,382 [INFO]     step:300000 t_sim:15000.00 ms
2021-08-25 16:09:17,836 [INFO] Simulation completed in 59.0 minutes, 9.582 seconds 
Account analysis.png does not exist.
Done running model at Wed Aug 25 16:09:28 CDT 2021
