numprocs=50
NEURON -- VERSION 7.7.2 7.7 (2b7985ba) 2019-06-20
Duke, Yale, and the BlueBrain Project -- Copyright 1984-2018
See http://neuron.yale.edu/neuron/credits

2021-08-26 09:38:32,656 [INFO] Created log file
2021-08-26 09:38:32,657 [INFO] Running NEURON with mpi (50 cores).
Additional mechanisms from files
 modfiles/bg2pyr.mod modfiles/bginh.mod modfiles/cadyn.mod modfiles/cal2CA3.mod modfiles/cal2.mod modfiles/ca.mod modfiles/capoolCA3.mod modfiles/capool.mod modfiles/cas.mod modfiles/cat.mod modfiles/currentclamp.mod modfiles/function_TMonitor.mod modfiles/gap.mod modfiles/Gfluct_new_exc.mod modfiles/Gfluct_new_inh.mod modfiles/halfgap.mod modfiles/hCA3.mod modfiles/h.mod modfiles/imCA3.mod modfiles/im.mod modfiles/interD2interD_SOMPV_STFD_new.mod modfiles/interD2interD_STFD_new.mod modfiles/interD2pyrD_CR2P_STFD_new.mod modfiles/interD2pyrD_SOM2P_STFD_new.mod modfiles/interD2pyrD_STFD_new.mod modfiles/kadist.mod modfiles/kaprox.mod modfiles/kca.mod modfiles/kdrca1DA.mod modfiles/kdrca1.mod modfiles/kdrCA3.mod modfiles/kdrinter.mod modfiles/leakCA3.mod modfiles/leakDA.mod modfiles/leakinter.mod modfiles/leak.mod modfiles/na3DA.mod modfiles/na3.mod modfiles/nainter.mod modfiles/napCA3.mod modfiles/nap.mod modfiles/natCA3.mod modfiles/nat.mod modfiles/pyrD2interD_P2CR_STFD.mod modfiles/pyrD2interD_P2SOM_STFD.mod modfiles/pyrD2interD_STFD.mod modfiles/pyrD2pyrD_STFD_new.mod modfiles/sahpCA3.mod modfiles/sahp.mod modfiles/sahpNE.mod modfiles/vecevent.mod modfiles/xtra_imemrec.mod modfiles/xtra.mod
2021-08-26 09:38:35,162 [INFO] Building cells.
2021-08-26 09:38:35,954 [INFO] Building recurrent connections
2021-08-26 09:39:00,800 [INFO] Building virtual cell stimulations for thalamus_pyr_spikes
2021-08-26 09:39:28,333 [INFO] Building virtual cell stimulations for thalamus_som_spikes
2021-08-26 09:39:29,158 [INFO] Building virtual cell stimulations for thalamus_cr_spikes
2021-08-26 09:39:29,981 [INFO] Building virtual cell stimulations for shell_spikes
2021-08-26 09:40:19,265 [INFO] Running simulation for 15000.000 ms with the time step 0.050 ms
2021-08-26 09:40:19,266 [INFO] Starting timestep: 0 at t_sim: 0.000 ms
2021-08-26 09:40:19,266 [INFO] Block save every 5000 steps
2021-08-26 09:41:47,922 [INFO]     step:5000 t_sim:250.00 ms
2021-08-26 09:43:08,011 [INFO]     step:10000 t_sim:500.00 ms
2021-08-26 09:44:11,507 [INFO]     step:15000 t_sim:750.00 ms
2021-08-26 09:45:13,399 [INFO]     step:20000 t_sim:1000.00 ms
2021-08-26 09:46:16,229 [INFO]     step:25000 t_sim:1250.00 ms
2021-08-26 09:47:18,271 [INFO]     step:30000 t_sim:1500.00 ms
2021-08-26 09:48:21,583 [INFO]     step:35000 t_sim:1750.00 ms
2021-08-26 09:49:20,648 [INFO]     step:40000 t_sim:2000.00 ms
2021-08-26 09:50:18,127 [INFO]     step:45000 t_sim:2250.00 ms
2021-08-26 09:51:16,320 [INFO]     step:50000 t_sim:2500.00 ms
2021-08-26 09:52:13,407 [INFO]     step:55000 t_sim:2750.00 ms
2021-08-26 09:53:10,248 [INFO]     step:60000 t_sim:3000.00 ms
2021-08-26 09:54:08,250 [INFO]     step:65000 t_sim:3250.00 ms
2021-08-26 09:55:06,553 [INFO]     step:70000 t_sim:3500.00 ms
2021-08-26 09:56:04,656 [INFO]     step:75000 t_sim:3750.00 ms
2021-08-26 09:57:03,704 [INFO]     step:80000 t_sim:4000.00 ms
2021-08-26 09:58:01,684 [INFO]     step:85000 t_sim:4250.00 ms
2021-08-26 09:58:58,250 [INFO]     step:90000 t_sim:4500.00 ms
2021-08-26 09:59:53,589 [INFO]     step:95000 t_sim:4750.00 ms
2021-08-26 10:00:48,508 [INFO]     step:100000 t_sim:5000.00 ms
2021-08-26 10:01:45,732 [INFO]     step:105000 t_sim:5250.00 ms
2021-08-26 10:02:40,876 [INFO]     step:110000 t_sim:5500.00 ms
2021-08-26 10:03:37,592 [INFO]     step:115000 t_sim:5750.00 ms
2021-08-26 10:04:55,262 [INFO]     step:120000 t_sim:6000.00 ms
2021-08-26 10:06:29,283 [INFO]     step:125000 t_sim:6250.00 ms
2021-08-26 10:08:03,641 [INFO]     step:130000 t_sim:6500.00 ms
2021-08-26 10:09:37,945 [INFO]     step:135000 t_sim:6750.00 ms
2021-08-26 10:11:07,934 [INFO]     step:140000 t_sim:7000.00 ms
2021-08-26 10:12:34,377 [INFO]     step:145000 t_sim:7250.00 ms
2021-08-26 10:14:12,087 [INFO]     step:150000 t_sim:7500.00 ms
2021-08-26 10:15:57,885 [INFO]     step:155000 t_sim:7750.00 ms
2021-08-26 10:17:44,008 [INFO]     step:160000 t_sim:8000.00 ms
2021-08-26 10:19:30,267 [INFO]     step:165000 t_sim:8250.00 ms
2021-08-26 10:21:16,078 [INFO]     step:170000 t_sim:8500.00 ms
2021-08-26 10:23:01,036 [INFO]     step:175000 t_sim:8750.00 ms
2021-08-26 10:24:45,852 [INFO]     step:180000 t_sim:9000.00 ms
2021-08-26 10:26:31,277 [INFO]     step:185000 t_sim:9250.00 ms
2021-08-26 10:28:23,733 [INFO]     step:190000 t_sim:9500.00 ms
2021-08-26 10:30:18,348 [INFO]     step:195000 t_sim:9750.00 ms
2021-08-26 10:32:10,942 [INFO]     step:200000 t_sim:10000.00 ms
2021-08-26 10:33:53,605 [INFO]     step:205000 t_sim:10250.00 ms
2021-08-26 10:35:35,188 [INFO]     step:210000 t_sim:10500.00 ms
2021-08-26 10:37:10,826 [INFO]     step:215000 t_sim:10750.00 ms
2021-08-26 10:38:41,812 [INFO]     step:220000 t_sim:11000.00 ms
2021-08-26 10:40:14,447 [INFO]     step:225000 t_sim:11250.00 ms
2021-08-26 10:41:47,400 [INFO]     step:230000 t_sim:11500.00 ms
2021-08-26 10:43:19,893 [INFO]     step:235000 t_sim:11750.00 ms
2021-08-26 10:44:52,462 [INFO]     step:240000 t_sim:12000.00 ms
2021-08-26 10:46:25,213 [INFO]     step:245000 t_sim:12250.00 ms
2021-08-26 10:47:56,621 [INFO]     step:250000 t_sim:12500.00 ms
2021-08-26 10:49:28,735 [INFO]     step:255000 t_sim:12750.00 ms
2021-08-26 10:51:01,414 [INFO]     step:260000 t_sim:13000.00 ms
2021-08-26 10:52:35,185 [INFO]     step:265000 t_sim:13250.00 ms
2021-08-26 10:54:08,383 [INFO]     step:270000 t_sim:13500.00 ms
2021-08-26 10:55:41,725 [INFO]     step:275000 t_sim:13750.00 ms
2021-08-26 10:57:15,209 [INFO]     step:280000 t_sim:14000.00 ms
2021-08-26 10:58:48,634 [INFO]     step:285000 t_sim:14250.00 ms
2021-08-26 11:00:22,299 [INFO]     step:290000 t_sim:14500.00 ms
2021-08-26 11:01:55,863 [INFO]     step:295000 t_sim:14750.00 ms
2021-08-26 11:03:29,418 [INFO]     step:300000 t_sim:15000.00 ms
2021-08-26 11:03:34,350 [INFO] Simulation completed in 83.0 minutes, 15.09 seconds 
Done running model at Thu Aug 26 11:03:46 CDT 2021
