Running AmygdalaTheta at Wed Aug 25 14:28:48 CDT 2021
numprocs=50
NEURON -- VERSION 7.7.2 7.7 (2b7985ba) 2019-06-20
Duke, Yale, and the BlueBrain Project -- Copyright 1984-2018
See http://neuron.yale.edu/neuron/credits

2021-08-25 14:28:50,537 [INFO] Created log file
2021-08-25 14:28:50,538 [INFO] Running NEURON with mpi (50 cores).
Additional mechanisms from files
 modfiles/bg2pyr.mod modfiles/bginh.mod modfiles/cadyn.mod modfiles/cal2CA3.mod modfiles/cal2.mod modfiles/ca.mod modfiles/capoolCA3.mod modfiles/capool.mod modfiles/cas.mod modfiles/cat.mod modfiles/currentclamp.mod modfiles/function_TMonitor.mod modfiles/gap.mod modfiles/Gfluct_new_exc.mod modfiles/Gfluct_new_inh.mod modfiles/halfgap.mod modfiles/hCA3.mod modfiles/h.mod modfiles/imCA3.mod modfiles/im.mod modfiles/interD2interD_SOMPV_STFD_new.mod modfiles/interD2interD_STFD_new.mod modfiles/interD2pyrD_CR2P_STFD_new.mod modfiles/interD2pyrD_SOM2P_STFD_new.mod modfiles/interD2pyrD_STFD_new.mod modfiles/kadist.mod modfiles/kaprox.mod modfiles/kca.mod modfiles/kdrca1DA.mod modfiles/kdrca1.mod modfiles/kdrCA3.mod modfiles/kdrinter.mod modfiles/leakCA3.mod modfiles/leakDA.mod modfiles/leakinter.mod modfiles/leak.mod modfiles/na3DA.mod modfiles/na3.mod modfiles/nainter.mod modfiles/napCA3.mod modfiles/nap.mod modfiles/natCA3.mod modfiles/nat.mod modfiles/pyrD2interD_P2CR_STFD.mod modfiles/pyrD2interD_P2SOM_STFD.mod modfiles/pyrD2interD_STFD.mod modfiles/pyrD2pyrD_STFD_new.mod modfiles/sahpCA3.mod modfiles/sahp.mod modfiles/sahpNE.mod modfiles/vecevent.mod modfiles/xtra_imemrec.mod modfiles/xtra.mod
2021-08-25 14:28:53,378 [INFO] Building cells.
2021-08-25 14:28:54,009 [INFO] Building recurrent connections
2021-08-25 14:29:18,461 [INFO] Building virtual cell stimulations for thalamus_pyr_spikes
2021-08-25 14:29:40,012 [INFO] Building virtual cell stimulations for thalamus_som_spikes
2021-08-25 14:29:40,556 [INFO] Building virtual cell stimulations for thalamus_cr_spikes
2021-08-25 14:29:41,098 [INFO] Building virtual cell stimulations for shell_spikes
2021-08-25 14:30:18,632 [INFO] Running simulation for 15000.000 ms with the time step 0.050 ms
2021-08-25 14:30:18,633 [INFO] Starting timestep: 0 at t_sim: 0.000 ms
2021-08-25 14:30:18,633 [INFO] Block save every 5000 steps
2021-08-25 14:31:15,691 [INFO]     step:5000 t_sim:250.00 ms
2021-08-25 14:32:13,471 [INFO]     step:10000 t_sim:500.00 ms
2021-08-25 14:33:09,507 [INFO]     step:15000 t_sim:750.00 ms
2021-08-25 14:34:05,730 [INFO]     step:20000 t_sim:1000.00 ms
2021-08-25 14:35:02,011 [INFO]     step:25000 t_sim:1250.00 ms
2021-08-25 14:35:58,179 [INFO]     step:30000 t_sim:1500.00 ms
2021-08-25 14:36:57,730 [INFO]     step:35000 t_sim:1750.00 ms
2021-08-25 14:37:53,726 [INFO]     step:40000 t_sim:2000.00 ms
2021-08-25 14:38:49,913 [INFO]     step:45000 t_sim:2250.00 ms
2021-08-25 14:39:46,526 [INFO]     step:50000 t_sim:2500.00 ms
2021-08-25 14:40:43,350 [INFO]     step:55000 t_sim:2750.00 ms
2021-08-25 14:41:40,135 [INFO]     step:60000 t_sim:3000.00 ms
2021-08-25 14:42:36,863 [INFO]     step:65000 t_sim:3250.00 ms
2021-08-25 14:43:35,109 [INFO]     step:70000 t_sim:3500.00 ms
2021-08-25 14:44:32,501 [INFO]     step:75000 t_sim:3750.00 ms
2021-08-25 14:45:29,400 [INFO]     step:80000 t_sim:4000.00 ms
2021-08-25 14:46:27,025 [INFO]     step:85000 t_sim:4250.00 ms
2021-08-25 14:47:24,490 [INFO]     step:90000 t_sim:4500.00 ms
2021-08-25 14:48:22,798 [INFO]     step:95000 t_sim:4750.00 ms
2021-08-25 14:49:19,519 [INFO]     step:100000 t_sim:5000.00 ms
2021-08-25 14:50:16,503 [INFO]     step:105000 t_sim:5250.00 ms
2021-08-25 14:51:14,512 [INFO]     step:110000 t_sim:5500.00 ms
2021-08-25 14:52:12,289 [INFO]     step:115000 t_sim:5750.00 ms
2021-08-25 14:53:09,079 [INFO]     step:120000 t_sim:6000.00 ms
2021-08-25 14:54:06,093 [INFO]     step:125000 t_sim:6250.00 ms
2021-08-25 14:55:02,751 [INFO]     step:130000 t_sim:6500.00 ms
2021-08-25 14:55:59,496 [INFO]     step:135000 t_sim:6750.00 ms
2021-08-25 14:56:56,861 [INFO]     step:140000 t_sim:7000.00 ms
2021-08-25 14:57:53,782 [INFO]     step:145000 t_sim:7250.00 ms
2021-08-25 14:58:50,910 [INFO]     step:150000 t_sim:7500.00 ms
srun: Job step aborted: Waiting up to 32 seconds for job step to finish.
slurmstepd: error: *** JOB 1263 ON engr-nelvm-res CANCELLED AT 2021-08-25T14:59:05 DUE TO TIME LIMIT ***
slurmstepd: error: *** STEP 1263.0 ON engr-nelvm-res CANCELLED AT 2021-08-25T14:59:05 DUE TO TIME LIMIT ***
srun: got SIGCONT
srun: forcing job termination
